            --------------------------------------------------------
                             AMBER SQM VERSION 19
 
                                     By
              Ross C. Walker, Michael F. Crowley, Scott Brozell,
                         Tim Giese, Andreas W. Goetz,
                        Tai-Sung Lee and David A. Case
 
            --------------------------------------------------------
 

--------------------------------------------------------------------------------
  QM CALCULATION INFO
--------------------------------------------------------------------------------

| QMMM: Citation for AMBER QMMM Run:
| QMMM: R.C. Walker, M.F. Crowley and D.A. Case, J. COMP. CHEM. 29:1019, 2008

QMMM: SINGLET STATE CALCULATION
QMMM: RHF CALCULATION, NO. OF DOUBLY OCCUPIED LEVELS = 55

| QMMM: *** Selected Hamiltonian *** 
| QMMM: AM1         

| QMMM: *** Parameter sets in use ***
| QMMM: C : M.J.S.DEWAR et al. JACS, 107, 3902, (1985)
| QMMM: H : M.J.S.DEWAR et al. JACS, 107, 3902, (1985)
| QMMM: O : M.J.S.DEWAR et al. JACS, 107, 3902, (1985)

| QMMM: *** SCF convergence criteria ***
| QMMM: Energy change                :  0.1D-09 kcal/mol
| QMMM: Error matrix |FP-PF|         :  0.1D+00 au
| QMMM: Density matrix change        :  0.5D-06
| QMMM: Maximum number of SCF cycles :     1000

| QMMM: *** Diagonalization Routine Information ***
| QMMM: Pseudo diagonalizations are allowed.
| QMMM: Auto diagonalization routine selection is in use.
| QMMM:
| QMMM: Timing diagonalization routines:
| QMMM:                              norbs =      100
| QMMM:    diag iterations used for timing =       15
| QMMM:
| QMMM:              Internal diag routine = 0.044226 seconds
| QMMM:                 Dspev diag routine = 0.038823 seconds
| QMMM:                Dspevd diag routine = 0.023448 seconds
| QMMM:                Dspevx diag routine = 0.127964 seconds
| QMMM:                 Dsyev diag routine = 0.043087 seconds
| QMMM:                Dsyevd diag routine = 0.030223 seconds
| QMMM:                Dsyevr diag routine = 0.030763 seconds
| QMMM:
| QMMM:                Pseudo diag routine = 0.012390 seconds
| QMMM:
| QMMM: Using dspevd routine (diag_routine=3).

  QMMM: QM Region Cartesian Coordinates (*=link atom) 
  QMMM: QM_NO.   MM_NO.  ATOM         X         Y         Z
  QMMM:     1        1      C        0.6590    0.4410   -1.5370
  QMMM:     2        2      H       -0.2590    0.8500   -2.0190
  QMMM:     3        3      H        1.3170    1.2820   -1.2190
  QMMM:     4        4      C       -4.0690   -0.0240    8.0270
  QMMM:     5        5      C        0.2780   -0.4040   -0.3310
  QMMM:     6        6      H        1.1970   -0.8140    0.1500
  QMMM:     7        7      H       -0.3790   -1.2460   -0.6510
  QMMM:     8        8      C       -4.8050    0.9240    8.9700
  QMMM:     9        9      C        1.7420    0.3290   -3.6100
  QMMM:    10       10      H        0.8400    0.7370   -4.1220
  QMMM:    11       11      H        2.4160    1.1690   -3.3220
  QMMM:    12       12      O       -3.6810    0.6900    6.8790
  QMMM:    13       13      C        2.4750   -0.6310   -4.5340
  QMMM:    14       14      H        3.3760   -1.0380   -4.0200
  QMMM:    15       15      H        1.8000   -1.4710   -4.8210
  QMMM:    16       16      C        3.5590   -0.7520   -6.6040
  QMMM:    17       17      H        4.4740   -1.1610   -6.1180
  QMMM:    18       18      H        2.8990   -1.5940   -6.9170
  QMMM:    19       19      C        3.9480    0.0840   -7.8230
  QMMM:    20       20      H        3.0300    0.5120   -8.2910
  QMMM:    21       21      H        4.5880    0.9400   -7.5000
  QMMM:    22       22      O        1.3480   -0.3710   -2.4550
  QMMM:    23       23      O        2.8700    0.0670   -5.6910
  QMMM:    24       24      C        4.7060   -0.7500   -8.8650
  QMMM:    25       25      H        4.9840   -0.1300   -9.7480
  QMMM:    26       26      H        5.6440   -1.1710   -8.4370
  QMMM:    27       27      H        4.0830   -1.5990   -9.2290
  QMMM:    28       28      C       -0.8020   -0.3040    1.7420
  QMMM:    29       29      H       -1.4740   -1.1440    1.4500
  QMMM:    30       30      H        0.1020   -0.7130    2.2500
  QMMM:    31       31      C       -1.5360    0.6460    2.6760
  QMMM:    32       32      H       -0.8630    1.4850    2.9690
  QMMM:    33       33      H       -2.4400    1.0540    2.1680
  QMMM:    34       34      O       -0.4110    0.4040    0.5910
  QMMM:    35       35      C       -2.6140    0.7390    4.7510
  QMMM:    36       36      H       -1.9570    1.5790    5.0740
  QMMM:    37       37      H       -3.5340    1.1500    4.2730
  QMMM:    38       38      O       -1.9250   -0.0650    3.8250
  QMMM:    39       39      C       -2.9920   -0.1140    5.9530
  QMMM:    40       40      H       -3.6490   -0.9550    5.6300
  QMMM:    41       41      H       -2.0720   -0.5260    6.4300
  QMMM:    42       42      H       -4.7430   -0.8630    7.7350
  QMMM:    43       43      H       -3.1650   -0.4340    8.5350
  QMMM:    44       44      H       -5.1300    0.3940    9.8940
  QMMM:    45       45      H       -4.1520    1.7730    9.2760
  QMMM:    46       46      H       -5.7140    1.3480    8.4830

--------------------------------------------------------------------------------
  RESULTS
--------------------------------------------------------------------------------

      iter         sqm energy              rms gradient
      ----    -------------------    -----------------------
xmin    10     -256.3840 kcal/mol        0.0172 kcal/(mol*A)
xmin    20     -256.3857 kcal/mol        0.0149 kcal/(mol*A)
xmin    30     -256.3864 kcal/mol        0.0164 kcal/(mol*A)
xmin    40     -256.3865 kcal/mol        0.0012 kcal/(mol*A)
  ... geometry converged !
 
 Final MO eigenvalues (eV):
 -39.8476  -39.5393  -39.0991  -38.5539  -38.0432  -34.5865  -32.8839  -32.0006
 -30.7189  -29.3415  -28.1193  -26.4638  -23.7831  -23.5876  -23.3637  -23.1388
 -23.0537  -22.0318  -18.4656  -18.0428  -17.9040  -17.6025  -17.3255  -17.1704
 -16.6752  -16.6113  -16.4634  -15.9727  -15.9626  -15.6779  -15.1563  -15.1153
 -14.5273  -14.4310  -13.9157  -13.8432  -13.3801  -13.2198  -13.2184  -13.0727
 -12.6712  -12.5020  -12.2167  -12.2159  -12.1789  -12.0498  -12.0190  -11.9003
 -11.8657  -11.5685  -10.7798  -10.6526  -10.5632  -10.4892  -10.4810    1.9093
   2.4052    2.9994    3.5617    3.7550    3.7776    3.8143    3.8450    3.8718
   3.8865    3.9086    3.9196    4.0092    4.0388    4.0980    4.1061    4.1275
   4.1506    4.1689    4.1802    4.2118    4.2305    4.2806    4.3328    4.3635
   4.4479    4.5099    4.5652    4.6165    4.6240    4.6895    4.7021    4.7360
   4.7494    4.7800    4.8515    4.8861    4.9990    5.0299    5.1066    6.0271
   6.0718    6.0805    6.1663    6.1778

 Heat of formation   =       -256.38651793 kcal/mol  (      -11.11775369 eV)

 Total SCF energy    =     -84260.95608749 kcal/mol  (    -3653.82923930 eV)
 Electronic energy   =    -487081.24636273 kcal/mol  (   -21121.42779423 eV)
 Core-core repulsion =     402820.29027524 kcal/mol  (    17467.59855493 eV)
 
    Atomic Charges for Step       1 :
  Atom    Element       Mulliken Charge
     1      C                 -0.020
     2      H                  0.082
     3      H                  0.082
     4      C                 -0.018
     5      C                 -0.021
     6      H                  0.081
     7      H                  0.081
     8      C                 -0.215
     9      C                 -0.020
    10      H                  0.082
    11      H                  0.082
    12      O                 -0.285
    13      C                 -0.022
    14      H                  0.079
    15      H                  0.079
    16      C                 -0.017
    17      H                  0.067
    18      H                  0.067
    19      C                 -0.164
    20      H                  0.094
    21      H                  0.094
    22      O                 -0.287
    23      O                 -0.285
    24      C                 -0.211
    25      H                  0.078
    26      H                  0.073
    27      H                  0.073
    28      C                 -0.021
    29      H                  0.081
    30      H                  0.081
    31      C                 -0.020
    32      H                  0.082
    33      H                  0.082
    34      O                 -0.286
    35      C                 -0.020
    36      H                  0.082
    37      H                  0.082
    38      O                 -0.287
    39      C                 -0.023
    40      H                  0.079
    41      H                  0.079
    42      H                  0.065
    43      H                  0.065
    44      H                  0.080
    45      H                  0.087
    46      H                  0.087
 Total Mulliken Charge =       0.000
 
                  X        Y        Z     TOTAL  
  QM DIPOLE     0.243   -1.195    0.163    1.230
 
 Final Structure

  QMMM: QM Region Cartesian Coordinates (*=link atom) 
  QMMM: QM_NO.   MM_NO.  ATOM         X         Y         Z
  QMMM:     1        1      C        0.6477    0.4447   -1.5148
  QMMM:     2        2      H       -0.2801    0.8583   -1.9895
  QMMM:     3        3      H        1.3052    1.2909   -1.1852
  QMMM:     4        4      C       -4.0578   -0.0237    8.0051
  QMMM:     5        5      C        0.2958   -0.4580   -0.3358
  QMMM:     6        6      H        1.2235   -0.8712    0.1393
  QMMM:     7        7      H       -0.3614   -1.3045   -0.6655
  QMMM:     8        8      C       -4.7784    0.9589    8.8983
  QMMM:     9        9      C        1.7383    0.3361   -3.6064
  QMMM:    10       10      H        0.8354    0.7470   -4.1288
  QMMM:    11       11      H        2.4206    1.1800   -3.3246
  QMMM:    12       12      O       -3.6612    0.6951    6.8370
  QMMM:    13       13      C        2.4633   -0.6730   -4.4921
  QMMM:    14       14      H        3.3648   -1.0851   -3.9679
  QMMM:    15       15      H        1.7804   -1.5169   -4.7728
  QMMM:    16       16      C        3.5562   -0.7803   -6.5855
  QMMM:    17       17      H        4.4777   -1.1980   -6.0990
  QMMM:    18       18      H        2.8945   -1.6297   -6.9034
  QMMM:    19       19      C        3.9162    0.1023   -7.7677
  QMMM:    20       20      H        2.9780    0.5351   -8.2031
  QMMM:    21       21      H        4.5411    0.9614   -7.4089
  QMMM:    22       22      O        1.3444   -0.3863   -2.4411
  QMMM:    23       23      O        2.8581    0.0480   -5.6561
  QMMM:    24       24      C        4.6616   -0.6865   -8.8114
  QMMM:    25       25      H        4.9217   -0.0290   -9.6759
  QMMM:    26       26      H        5.6074   -1.1062   -8.3908
  QMMM:    27       27      H        4.0388   -1.5339   -9.1879
  QMMM:    28       28      C       -0.7958   -0.3498    1.7552
  QMMM:    29       29      H       -1.4781   -1.1936    1.4732
  QMMM:    30       30      H        0.1068   -0.7607    2.2781
  QMMM:    31       31      C       -1.5211    0.6598    2.6403
  QMMM:    32       32      H       -0.8387    1.5036    2.9223
  QMMM:    33       33      H       -2.4235    1.0710    2.1171
  QMMM:    34       34      O       -0.4016    0.3727    0.5903
  QMMM:    35       35      C       -2.6128    0.7681    4.7313
  QMMM:    36       36      H       -1.9552    1.6142    5.0610
  QMMM:    37       37      H       -3.5402    1.1817    4.2559
  QMMM:    38       38      O       -1.9155   -0.0628    3.8048
  QMMM:    39       39      C       -2.9655   -0.1340    5.9103
  QMMM:    40       40      H       -3.6225   -0.9804    5.5794
  QMMM:    41       41      H       -2.0375   -0.5492    6.3834
  QMMM:    42       42      H       -4.7311   -0.8728    7.7105
  QMMM:    43       43      H       -3.1478   -0.4415    8.5135
  QMMM:    44       44      H       -5.1082    0.4386    9.8285
  QMMM:    45       45      H       -4.1033    1.8049    9.1708
  QMMM:    46       46      H       -5.6713    1.3777    8.3758

           --------- Calculation Completed ----------

