log started: Thu Jan 12 15:48:05 2023

Log file: ./leap.log
>> #
>> # ----- leaprc for loading the general Amber Force field.
>> #       This file is mostly for use with Antechamber
>> #
>> #	load atom type hybridizations
>> #
>> addAtomTypes {
>> 	{ "h1"  "H" "sp3" }
>> 	{ "h2"  "H" "sp3" }
>> 	{ "h3"  "H" "sp3" }
>> 	{ "h4"  "H" "sp3" }
>> 	{ "h5"  "H" "sp3" }
>> 	{ "ha"  "H" "sp3" }
>> 	{ "hc"  "H" "sp3" }
>> 	{ "hn"  "H" "sp3" }
>> 	{ "ho"  "H" "sp3" }
>> 	{ "hp"  "H" "sp3" }
>> 	{ "hs"  "H" "sp3" }
>> 	{ "hw"  "H" "sp3" }
>> 	{ "hx"  "H" "sp3" }
>> 	{ "o"  "O" "sp2" }
>> 	{ "o2"  "O" "sp2" }
>> 	{ "oh"  "O" "sp3" }
>> 	{ "op"  "O" "sp3" }
>> 	{ "oq"  "O" "sp3" }
>> 	{ "os"  "O" "sp3" }
>> 	{ "ow"  "O" "sp3" }
>> 	{ "c"  "C" "sp2" }
>> 	{ "c1"  "C" "sp2" }
>> 	{ "c2"  "C" "sp2" }
>> 	{ "c3"  "C" "sp3" }
>> 	{ "ca"  "C" "sp2" }
>> 	{ "cc"  "C" "sp2" }
>> 	{ "cd"  "C" "sp2" }
>> 	{ "ce"  "C" "sp2" }
>> 	{ "cf"  "C" "sp2" }
>> 	{ "cg"  "C" "sp2" }
>> 	{ "ch"  "C" "sp2" }
>> 	{ "cp"  "C" "sp2" }
>> 	{ "cq"  "C" "sp2" }
>> 	{ "cu"  "C" "sp2" }
>> 	{ "cv"  "C" "sp2" }
>> 	{ "cx"  "C" "sp2" }
>> 	{ "cy"  "C" "sp2" }
>> 	{ "cz"  "C" "sp2" }
>> 	{ "n"   "N" "sp2" }
>> 	{ "n1"  "N" "sp2" }
>> 	{ "n2"  "N" "sp2" }
>> 	{ "n3"  "N" "sp3" }
>> 	{ "n4"  "N" "sp3" }
>> 	{ "na"  "N" "sp2" }
>> 	{ "nb"  "N" "sp2" }
>> 	{ "nc"  "N" "sp2" }
>> 	{ "nd"  "N" "sp2" }
>> 	{ "ne"  "N" "sp2" }
>> 	{ "nf"  "N" "sp2" }
>> 	{ "nh"  "N" "sp2" }
>> 	{ "ni"  "N" "sp2" }
>> 	{ "nj"  "N" "sp2" }
>> 	{ "nk"  "N" "sp3" }
>> 	{ "nl"  "N" "sp3" }
>> 	{ "nm"  "N" "sp2" }
>> 	{ "nn"  "N" "sp2" }
>> 	{ "no"  "N" "sp2" }
>> 	{ "np"  "N" "sp3" }
>> 	{ "nq"  "N" "sp3" }
>> 	{ "s"   "S" "sp2" }
>> 	{ "s2"   "S" "sp2" }
>> 	{ "s3"   "S" "sp3" }
>> 	{ "s4"   "S" "sp3" }
>> 	{ "s6"   "S" "sp3" }
>> 	{ "sh"   "S" "sp3" }
>> 	{ "sp"   "S" "sp3" }
>> 	{ "sq"   "S" "sp3" }
>> 	{ "ss"   "S" "sp3" }
>> 	{ "sx"   "S" "sp3" }
>> 	{ "sy"   "S" "sp3" }
>> 	{ "p2"   "P" "sp2" }
>> 	{ "p3"   "P" "sp3" }
>> 	{ "p4"   "P" "sp3" }
>> 	{ "p5"   "P" "sp3" }
>> 	{ "pb"   "P" "sp3" }
>> 	{ "pc"   "P" "sp3" }
>> 	{ "pd"   "P" "sp3" }
>> 	{ "pe"   "P" "sp3" }
>> 	{ "pf"   "P" "sp3" }
>> 	{ "px"   "P" "sp3" }
>> 	{ "py"   "P" "sp3" }
>> 	{ "f"   "F" "sp3" }
>> 	{ "cl"  "Cl" "sp3" }
>> 	{ "br"  "Br" "sp3" }
>> 	{ "i"   "I"  "sp3" }
>> }
>> #
>> #	Load the general force field parameter set.
>> #
>> gaff = loadamberparams gaff.dat
Loading parameters: /home/harish/miniconda3/envs/harish_env/dat/leap/parm/gaff.dat
Reading title:
AMBER General Force Field for organic molecules (Version 1.81, May 2017)
> 
> loadamberprep /home/harish/GroPolBul/monomers/PE_OH/PE.prepi
Loading Prep file: /home/harish/GroPolBul/monomers/PE_OH/PE.prepi
(UNKNOWN ATOM TYPE: 11)
(UNKNOWN ATOM TYPE: 91)
(UNKNOWN ATOM TYPE: 91)
(UNKNOWN ATOM TYPE: 11)
(UNKNOWN ATOM TYPE: 91)
(UNKNOWN ATOM TYPE: 91)
(UNKNOWN ATOM TYPE: 11)
(UNKNOWN ATOM TYPE: 91)
(UNKNOWN ATOM TYPE: 91)
(UNKNOWN ATOM TYPE: 11)
(UNKNOWN ATOM TYPE: 91)
(UNKNOWN ATOM TYPE: 91)
(UNKNOWN ATOM TYPE: 11)
(UNKNOWN ATOM TYPE: 91)
(UNKNOWN ATOM TYPE: 91)
(UNKNOWN ATOM TYPE: 11)
(UNKNOWN ATOM TYPE: 91)
(UNKNOWN ATOM TYPE: 91)
(UNKNOWN ATOM TYPE: 11)
(UNKNOWN ATOM TYPE: 91)
(UNKNOWN ATOM TYPE: 91)
(UNKNOWN ATOM TYPE: 11)
(UNKNOWN ATOM TYPE: 91)
(UNKNOWN ATOM TYPE: 91)
(UNKNOWN ATOM TYPE: 11)
(UNKNOWN ATOM TYPE: 91)
(UNKNOWN ATOM TYPE: 91)
(UNKNOWN ATOM TYPE: 11)
(UNKNOWN ATOM TYPE: 91)
(UNKNOWN ATOM TYPE: 91)
Loaded UNIT: PE
> loadamberprep /home/harish/GroPolBul/monomers/PE_OH/HPT.prepi
Loading Prep file: /home/harish/GroPolBul/monomers/PE_OH/HPT.prepi
(UNKNOWN ATOM TYPE: 31)
(UNKNOWN ATOM TYPE: 91)
(UNKNOWN ATOM TYPE: 11)
(UNKNOWN ATOM TYPE: 91)
(UNKNOWN ATOM TYPE: 91)
(UNKNOWN ATOM TYPE: 11)
(UNKNOWN ATOM TYPE: 91)
(UNKNOWN ATOM TYPE: 91)
(UNKNOWN ATOM TYPE: 11)
(UNKNOWN ATOM TYPE: 91)
(UNKNOWN ATOM TYPE: 91)
(UNKNOWN ATOM TYPE: 11)
(UNKNOWN ATOM TYPE: 91)
(UNKNOWN ATOM TYPE: 91)
(UNKNOWN ATOM TYPE: 11)
(UNKNOWN ATOM TYPE: 91)
(UNKNOWN ATOM TYPE: 91)
(UNKNOWN ATOM TYPE: 11)
(UNKNOWN ATOM TYPE: 91)
(UNKNOWN ATOM TYPE: 91)
(UNKNOWN ATOM TYPE: 11)
(UNKNOWN ATOM TYPE: 91)
(UNKNOWN ATOM TYPE: 91)
(UNKNOWN ATOM TYPE: 11)
(UNKNOWN ATOM TYPE: 91)
(UNKNOWN ATOM TYPE: 91)
(UNKNOWN ATOM TYPE: 11)
(UNKNOWN ATOM TYPE: 91)
(UNKNOWN ATOM TYPE: 91)
(UNKNOWN ATOM TYPE: 11)
(UNKNOWN ATOM TYPE: 91)
(UNKNOWN ATOM TYPE: 91)
(UNKNOWN ATOM TYPE: 11)
(UNKNOWN ATOM TYPE: 91)
(UNKNOWN ATOM TYPE: 91)
Loaded UNIT: HPT
> loadamberprep /home/harish/GroPolBul/monomers/PE_OH/TPT.prepi
Loading Prep file: /home/harish/GroPolBul/monomers/PE_OH/TPT.prepi
(UNKNOWN ATOM TYPE: 11)
(UNKNOWN ATOM TYPE: 91)
(UNKNOWN ATOM TYPE: 91)
(UNKNOWN ATOM TYPE: 11)
(UNKNOWN ATOM TYPE: 11)
(UNKNOWN ATOM TYPE: 11)
(UNKNOWN ATOM TYPE: 11)
(UNKNOWN ATOM TYPE: 11)
(UNKNOWN ATOM TYPE: 11)
(UNKNOWN ATOM TYPE: 11)
(UNKNOWN ATOM TYPE: 11)
(UNKNOWN ATOM TYPE: 11)
(UNKNOWN ATOM TYPE: 11)
(UNKNOWN ATOM TYPE: 31)
(UNKNOWN ATOM TYPE: 91)
(UNKNOWN ATOM TYPE: 91)
(UNKNOWN ATOM TYPE: 91)
(UNKNOWN ATOM TYPE: 91)
(UNKNOWN ATOM TYPE: 91)
(UNKNOWN ATOM TYPE: 91)
(UNKNOWN ATOM TYPE: 91)
(UNKNOWN ATOM TYPE: 91)
(UNKNOWN ATOM TYPE: 91)
(UNKNOWN ATOM TYPE: 91)
(UNKNOWN ATOM TYPE: 91)
(UNKNOWN ATOM TYPE: 91)
(UNKNOWN ATOM TYPE: 91)
(UNKNOWN ATOM TYPE: 91)
(UNKNOWN ATOM TYPE: 91)
(UNKNOWN ATOM TYPE: 91)
(UNKNOWN ATOM TYPE: 91)
(UNKNOWN ATOM TYPE: 91)
(UNKNOWN ATOM TYPE: 91)
(UNKNOWN ATOM TYPE: 91)
(UNKNOWN ATOM TYPE: 91)
Loaded UNIT: TPT
> mol = sequence {HPT  TPT}
Sequence: HPT
Sequence: TPT
> savepdb mol PE_polymer.pdb
Writing pdb file: PE_polymer.pdb
> saveamberparm mol PE_polymer.prmtop PE_polymer.inpcrd
Checking Unit.
Building topology.
Building atom parameters.

/home/harish/miniconda3/envs/harish_env/bin/teLeap: Error!
For atom (.R<HPT 1>.A<O 1>) could not find vdW (or other) parameters for type (31)

/home/harish/miniconda3/envs/harish_env/bin/teLeap: Error!
For atom (.R<HPT 1>.A<H 2>) could not find vdW (or other) parameters for type (91)

/home/harish/miniconda3/envs/harish_env/bin/teLeap: Error!
For atom (.R<HPT 1>.A<C 3>) could not find vdW (or other) parameters for type (11)

/home/harish/miniconda3/envs/harish_env/bin/teLeap: Error!
For atom (.R<HPT 1>.A<H1 4>) could not find vdW (or other) parameters for type (91)

/home/harish/miniconda3/envs/harish_env/bin/teLeap: Error!
For atom (.R<HPT 1>.A<H2 5>) could not find vdW (or other) parameters for type (91)

/home/harish/miniconda3/envs/harish_env/bin/teLeap: Error!
For atom (.R<HPT 1>.A<C1 6>) could not find vdW (or other) parameters for type (11)

/home/harish/miniconda3/envs/harish_env/bin/teLeap: Error!
For atom (.R<HPT 1>.A<H3 7>) could not find vdW (or other) parameters for type (91)

/home/harish/miniconda3/envs/harish_env/bin/teLeap: Error!
For atom (.R<HPT 1>.A<H4 8>) could not find vdW (or other) parameters for type (91)

/home/harish/miniconda3/envs/harish_env/bin/teLeap: Error!
For atom (.R<HPT 1>.A<C2 9>) could not find vdW (or other) parameters for type (11)

/home/harish/miniconda3/envs/harish_env/bin/teLeap: Error!
For atom (.R<HPT 1>.A<H5 10>) could not find vdW (or other) parameters for type (91)

/home/harish/miniconda3/envs/harish_env/bin/teLeap: Error!
For atom (.R<HPT 1>.A<H6 11>) could not find vdW (or other) parameters for type (91)

/home/harish/miniconda3/envs/harish_env/bin/teLeap: Error!
For atom (.R<HPT 1>.A<C3 12>) could not find vdW (or other) parameters for type (11)

/home/harish/miniconda3/envs/harish_env/bin/teLeap: Error!
For atom (.R<HPT 1>.A<H7 13>) could not find vdW (or other) parameters for type (91)

/home/harish/miniconda3/envs/harish_env/bin/teLeap: Error!
For atom (.R<HPT 1>.A<H8 14>) could not find vdW (or other) parameters for type (91)

/home/harish/miniconda3/envs/harish_env/bin/teLeap: Error!
For atom (.R<HPT 1>.A<C4 15>) could not find vdW (or other) parameters for type (11)

/home/harish/miniconda3/envs/harish_env/bin/teLeap: Error!
For atom (.R<HPT 1>.A<H9 16>) could not find vdW (or other) parameters for type (91)

/home/harish/miniconda3/envs/harish_env/bin/teLeap: Error!
For atom (.R<HPT 1>.A<H10 17>) could not find vdW (or other) parameters for type (91)

/home/harish/miniconda3/envs/harish_env/bin/teLeap: Error!
For atom (.R<HPT 1>.A<C5 18>) could not find vdW (or other) parameters for type (11)

/home/harish/miniconda3/envs/harish_env/bin/teLeap: Error!
For atom (.R<HPT 1>.A<H11 19>) could not find vdW (or other) parameters for type (91)

/home/harish/miniconda3/envs/harish_env/bin/teLeap: Error!
For atom (.R<HPT 1>.A<H12 20>) could not find vdW (or other) parameters for type (91)

/home/harish/miniconda3/envs/harish_env/bin/teLeap: Error!
For atom (.R<HPT 1>.A<C6 21>) could not find vdW (or other) parameters for type (11)

/home/harish/miniconda3/envs/harish_env/bin/teLeap: Error!
For atom (.R<HPT 1>.A<H13 22>) could not find vdW (or other) parameters for type (91)

/home/harish/miniconda3/envs/harish_env/bin/teLeap: Error!
For atom (.R<HPT 1>.A<H14 23>) could not find vdW (or other) parameters for type (91)

/home/harish/miniconda3/envs/harish_env/bin/teLeap: Error!
For atom (.R<HPT 1>.A<C7 24>) could not find vdW (or other) parameters for type (11)

/home/harish/miniconda3/envs/harish_env/bin/teLeap: Error!
For atom (.R<HPT 1>.A<H15 25>) could not find vdW (or other) parameters for type (91)

/home/harish/miniconda3/envs/harish_env/bin/teLeap: Error!
For atom (.R<HPT 1>.A<H16 26>) could not find vdW (or other) parameters for type (91)

/home/harish/miniconda3/envs/harish_env/bin/teLeap: Error!
For atom (.R<HPT 1>.A<C8 27>) could not find vdW (or other) parameters for type (11)

/home/harish/miniconda3/envs/harish_env/bin/teLeap: Error!
For atom (.R<HPT 1>.A<H17 28>) could not find vdW (or other) parameters for type (91)

/home/harish/miniconda3/envs/harish_env/bin/teLeap: Error!
For atom (.R<HPT 1>.A<H18 29>) could not find vdW (or other) parameters for type (91)

/home/harish/miniconda3/envs/harish_env/bin/teLeap: Error!
For atom (.R<HPT 1>.A<C9 30>) could not find vdW (or other) parameters for type (11)

/home/harish/miniconda3/envs/harish_env/bin/teLeap: Error!
For atom (.R<HPT 1>.A<H19 31>) could not find vdW (or other) parameters for type (91)

/home/harish/miniconda3/envs/harish_env/bin/teLeap: Error!
For atom (.R<HPT 1>.A<H20 32>) could not find vdW (or other) parameters for type (91)

/home/harish/miniconda3/envs/harish_env/bin/teLeap: Error!
For atom (.R<HPT 1>.A<C10 33>) could not find vdW (or other) parameters for type (11)

/home/harish/miniconda3/envs/harish_env/bin/teLeap: Error!
For atom (.R<HPT 1>.A<H21 34>) could not find vdW (or other) parameters for type (91)

/home/harish/miniconda3/envs/harish_env/bin/teLeap: Error!
For atom (.R<HPT 1>.A<H22 35>) could not find vdW (or other) parameters for type (91)

/home/harish/miniconda3/envs/harish_env/bin/teLeap: Error!
For atom (.R<TPT 2>.A<C1 1>) could not find vdW (or other) parameters for type (11)

/home/harish/miniconda3/envs/harish_env/bin/teLeap: Error!
For atom (.R<TPT 2>.A<H3 2>) could not find vdW (or other) parameters for type (91)

/home/harish/miniconda3/envs/harish_env/bin/teLeap: Error!
For atom (.R<TPT 2>.A<H4 3>) could not find vdW (or other) parameters for type (91)

/home/harish/miniconda3/envs/harish_env/bin/teLeap: Error!
For atom (.R<TPT 2>.A<C2 4>) could not find vdW (or other) parameters for type (11)

/home/harish/miniconda3/envs/harish_env/bin/teLeap: Error!
For atom (.R<TPT 2>.A<C3 5>) could not find vdW (or other) parameters for type (11)

/home/harish/miniconda3/envs/harish_env/bin/teLeap: Error!
For atom (.R<TPT 2>.A<C4 6>) could not find vdW (or other) parameters for type (11)

/home/harish/miniconda3/envs/harish_env/bin/teLeap: Error!
For atom (.R<TPT 2>.A<C5 7>) could not find vdW (or other) parameters for type (11)

/home/harish/miniconda3/envs/harish_env/bin/teLeap: Error!
For atom (.R<TPT 2>.A<C6 8>) could not find vdW (or other) parameters for type (11)

/home/harish/miniconda3/envs/harish_env/bin/teLeap: Error!
For atom (.R<TPT 2>.A<C7 9>) could not find vdW (or other) parameters for type (11)

/home/harish/miniconda3/envs/harish_env/bin/teLeap: Error!
For atom (.R<TPT 2>.A<C8 10>) could not find vdW (or other) parameters for type (11)

/home/harish/miniconda3/envs/harish_env/bin/teLeap: Error!
For atom (.R<TPT 2>.A<C9 11>) could not find vdW (or other) parameters for type (11)

/home/harish/miniconda3/envs/harish_env/bin/teLeap: Error!
For atom (.R<TPT 2>.A<C10 12>) could not find vdW (or other) parameters for type (11)

/home/harish/miniconda3/envs/harish_env/bin/teLeap: Error!
For atom (.R<TPT 2>.A<C11 13>) could not find vdW (or other) parameters for type (11)

/home/harish/miniconda3/envs/harish_env/bin/teLeap: Error!
For atom (.R<TPT 2>.A<O1 14>) could not find vdW (or other) parameters for type (31)

/home/harish/miniconda3/envs/harish_env/bin/teLeap: Error!
For atom (.R<TPT 2>.A<H25 15>) could not find vdW (or other) parameters for type (91)

/home/harish/miniconda3/envs/harish_env/bin/teLeap: Error!
For atom (.R<TPT 2>.A<H23 16>) could not find vdW (or other) parameters for type (91)

/home/harish/miniconda3/envs/harish_env/bin/teLeap: Error!
For atom (.R<TPT 2>.A<H24 17>) could not find vdW (or other) parameters for type (91)

/home/harish/miniconda3/envs/harish_env/bin/teLeap: Error!
For atom (.R<TPT 2>.A<H21 18>) could not find vdW (or other) parameters for type (91)

/home/harish/miniconda3/envs/harish_env/bin/teLeap: Error!
For atom (.R<TPT 2>.A<H22 19>) could not find vdW (or other) parameters for type (91)

/home/harish/miniconda3/envs/harish_env/bin/teLeap: Error!
For atom (.R<TPT 2>.A<H19 20>) could not find vdW (or other) parameters for type (91)

/home/harish/miniconda3/envs/harish_env/bin/teLeap: Error!
For atom (.R<TPT 2>.A<H20 21>) could not find vdW (or other) parameters for type (91)

/home/harish/miniconda3/envs/harish_env/bin/teLeap: Error!
For atom (.R<TPT 2>.A<H17 22>) could not find vdW (or other) parameters for type (91)

/home/harish/miniconda3/envs/harish_env/bin/teLeap: Error!
For atom (.R<TPT 2>.A<H18 23>) could not find vdW (or other) parameters for type (91)

/home/harish/miniconda3/envs/harish_env/bin/teLeap: Error!
For atom (.R<TPT 2>.A<H15 24>) could not find vdW (or other) parameters for type (91)

/home/harish/miniconda3/envs/harish_env/bin/teLeap: Error!
For atom (.R<TPT 2>.A<H16 25>) could not find vdW (or other) parameters for type (91)

/home/harish/miniconda3/envs/harish_env/bin/teLeap: Error!
For atom (.R<TPT 2>.A<H13 26>) could not find vdW (or other) parameters for type (91)

/home/harish/miniconda3/envs/harish_env/bin/teLeap: Error!
For atom (.R<TPT 2>.A<H14 27>) could not find vdW (or other) parameters for type (91)

/home/harish/miniconda3/envs/harish_env/bin/teLeap: Error!
For atom (.R<TPT 2>.A<H11 28>) could not find vdW (or other) parameters for type (91)

/home/harish/miniconda3/envs/harish_env/bin/teLeap: Error!
For atom (.R<TPT 2>.A<H12 29>) could not find vdW (or other) parameters for type (91)

/home/harish/miniconda3/envs/harish_env/bin/teLeap: Error!
For atom (.R<TPT 2>.A<H9 30>) could not find vdW (or other) parameters for type (91)

/home/harish/miniconda3/envs/harish_env/bin/teLeap: Error!
For atom (.R<TPT 2>.A<H10 31>) could not find vdW (or other) parameters for type (91)

/home/harish/miniconda3/envs/harish_env/bin/teLeap: Error!
For atom (.R<TPT 2>.A<H7 32>) could not find vdW (or other) parameters for type (91)

/home/harish/miniconda3/envs/harish_env/bin/teLeap: Error!
For atom (.R<TPT 2>.A<H8 33>) could not find vdW (or other) parameters for type (91)

/home/harish/miniconda3/envs/harish_env/bin/teLeap: Error!
For atom (.R<TPT 2>.A<H5 34>) could not find vdW (or other) parameters for type (91)

/home/harish/miniconda3/envs/harish_env/bin/teLeap: Error!
For atom (.R<TPT 2>.A<H6 35>) could not find vdW (or other) parameters for type (91)

/home/harish/miniconda3/envs/harish_env/bin/teLeap: Warning!
Parameter file was not saved.
 quit
	Quit

Exiting LEaP: Errors = 70; Warnings = 1; Notes = 0.
log started: Thu Jan 12 16:06:44 2023

Log file: ./leap.log
>> #
>> # ----- leaprc for loading the general Amber Force field.
>> #       This file is mostly for use with Antechamber
>> #
>> #	load atom type hybridizations
>> #
>> addAtomTypes {
>> 	{ "h1"  "H" "sp3" }
>> 	{ "h2"  "H" "sp3" }
>> 	{ "h3"  "H" "sp3" }
>> 	{ "h4"  "H" "sp3" }
>> 	{ "h5"  "H" "sp3" }
>> 	{ "ha"  "H" "sp3" }
>> 	{ "hc"  "H" "sp3" }
>> 	{ "hn"  "H" "sp3" }
>> 	{ "ho"  "H" "sp3" }
>> 	{ "hp"  "H" "sp3" }
>> 	{ "hs"  "H" "sp3" }
>> 	{ "hw"  "H" "sp3" }
>> 	{ "hx"  "H" "sp3" }
>> 	{ "o"  "O" "sp2" }
>> 	{ "o2"  "O" "sp2" }
>> 	{ "oh"  "O" "sp3" }
>> 	{ "op"  "O" "sp3" }
>> 	{ "oq"  "O" "sp3" }
>> 	{ "os"  "O" "sp3" }
>> 	{ "ow"  "O" "sp3" }
>> 	{ "c"  "C" "sp2" }
>> 	{ "c1"  "C" "sp2" }
>> 	{ "c2"  "C" "sp2" }
>> 	{ "c3"  "C" "sp3" }
>> 	{ "ca"  "C" "sp2" }
>> 	{ "cc"  "C" "sp2" }
>> 	{ "cd"  "C" "sp2" }
>> 	{ "ce"  "C" "sp2" }
>> 	{ "cf"  "C" "sp2" }
>> 	{ "cg"  "C" "sp2" }
>> 	{ "ch"  "C" "sp2" }
>> 	{ "cp"  "C" "sp2" }
>> 	{ "cq"  "C" "sp2" }
>> 	{ "cu"  "C" "sp2" }
>> 	{ "cv"  "C" "sp2" }
>> 	{ "cx"  "C" "sp2" }
>> 	{ "cy"  "C" "sp2" }
>> 	{ "cz"  "C" "sp2" }
>> 	{ "n"   "N" "sp2" }
>> 	{ "n1"  "N" "sp2" }
>> 	{ "n2"  "N" "sp2" }
>> 	{ "n3"  "N" "sp3" }
>> 	{ "n4"  "N" "sp3" }
>> 	{ "na"  "N" "sp2" }
>> 	{ "nb"  "N" "sp2" }
>> 	{ "nc"  "N" "sp2" }
>> 	{ "nd"  "N" "sp2" }
>> 	{ "ne"  "N" "sp2" }
>> 	{ "nf"  "N" "sp2" }
>> 	{ "nh"  "N" "sp2" }
>> 	{ "ni"  "N" "sp2" }
>> 	{ "nj"  "N" "sp2" }
>> 	{ "nk"  "N" "sp3" }
>> 	{ "nl"  "N" "sp3" }
>> 	{ "nm"  "N" "sp2" }
>> 	{ "nn"  "N" "sp2" }
>> 	{ "no"  "N" "sp2" }
>> 	{ "np"  "N" "sp3" }
>> 	{ "nq"  "N" "sp3" }
>> 	{ "s"   "S" "sp2" }
>> 	{ "s2"   "S" "sp2" }
>> 	{ "s3"   "S" "sp3" }
>> 	{ "s4"   "S" "sp3" }
>> 	{ "s6"   "S" "sp3" }
>> 	{ "sh"   "S" "sp3" }
>> 	{ "sp"   "S" "sp3" }
>> 	{ "sq"   "S" "sp3" }
>> 	{ "ss"   "S" "sp3" }
>> 	{ "sx"   "S" "sp3" }
>> 	{ "sy"   "S" "sp3" }
>> 	{ "p2"   "P" "sp2" }
>> 	{ "p3"   "P" "sp3" }
>> 	{ "p4"   "P" "sp3" }
>> 	{ "p5"   "P" "sp3" }
>> 	{ "pb"   "P" "sp3" }
>> 	{ "pc"   "P" "sp3" }
>> 	{ "pd"   "P" "sp3" }
>> 	{ "pe"   "P" "sp3" }
>> 	{ "pf"   "P" "sp3" }
>> 	{ "px"   "P" "sp3" }
>> 	{ "py"   "P" "sp3" }
>> 	{ "f"   "F" "sp3" }
>> 	{ "cl"  "Cl" "sp3" }
>> 	{ "br"  "Br" "sp3" }
>> 	{ "i"   "I"  "sp3" }
>> }
>> #
>> #	Load the general force field parameter set.
>> #
>> gaff = loadamberparams gaff.dat
Loading parameters: /home/harish/miniconda3/envs/harish_env/dat/leap/parm/gaff.dat
Reading title:
AMBER General Force Field for organic molecules (Version 1.81, May 2017)
> 
> loadamberprep /home/harish/GroPolBul/monomers/PE_OH/PE.prepi
Loading Prep file: /home/harish/GroPolBul/monomers/PE_OH/PE.prepi
(UNKNOWN ATOM TYPE: 11)
(UNKNOWN ATOM TYPE: 91)
(UNKNOWN ATOM TYPE: 91)
(UNKNOWN ATOM TYPE: 11)
(UNKNOWN ATOM TYPE: 91)
(UNKNOWN ATOM TYPE: 91)
(UNKNOWN ATOM TYPE: 11)
(UNKNOWN ATOM TYPE: 91)
(UNKNOWN ATOM TYPE: 91)
(UNKNOWN ATOM TYPE: 11)
(UNKNOWN ATOM TYPE: 91)
(UNKNOWN ATOM TYPE: 91)
(UNKNOWN ATOM TYPE: 11)
(UNKNOWN ATOM TYPE: 91)
(UNKNOWN ATOM TYPE: 91)
(UNKNOWN ATOM TYPE: 11)
(UNKNOWN ATOM TYPE: 91)
(UNKNOWN ATOM TYPE: 91)
(UNKNOWN ATOM TYPE: 11)
(UNKNOWN ATOM TYPE: 91)
(UNKNOWN ATOM TYPE: 91)
(UNKNOWN ATOM TYPE: 11)
(UNKNOWN ATOM TYPE: 91)
(UNKNOWN ATOM TYPE: 91)
(UNKNOWN ATOM TYPE: 11)
(UNKNOWN ATOM TYPE: 91)
(UNKNOWN ATOM TYPE: 91)
(UNKNOWN ATOM TYPE: 11)
(UNKNOWN ATOM TYPE: 91)
(UNKNOWN ATOM TYPE: 91)
Loaded UNIT: PE
> loadamberprep /home/harish/GroPolBul/monomers/PE_OH/HPT.prepi
Loading Prep file: /home/harish/GroPolBul/monomers/PE_OH/HPT.prepi
(UNKNOWN ATOM TYPE: 31)
(UNKNOWN ATOM TYPE: 91)
(UNKNOWN ATOM TYPE: 11)
(UNKNOWN ATOM TYPE: 91)
(UNKNOWN ATOM TYPE: 91)
(UNKNOWN ATOM TYPE: 11)
(UNKNOWN ATOM TYPE: 91)
(UNKNOWN ATOM TYPE: 91)
(UNKNOWN ATOM TYPE: 11)
(UNKNOWN ATOM TYPE: 91)
(UNKNOWN ATOM TYPE: 91)
(UNKNOWN ATOM TYPE: 11)
(UNKNOWN ATOM TYPE: 91)
(UNKNOWN ATOM TYPE: 91)
(UNKNOWN ATOM TYPE: 11)
(UNKNOWN ATOM TYPE: 91)
(UNKNOWN ATOM TYPE: 91)
(UNKNOWN ATOM TYPE: 11)
(UNKNOWN ATOM TYPE: 91)
(UNKNOWN ATOM TYPE: 91)
(UNKNOWN ATOM TYPE: 11)
(UNKNOWN ATOM TYPE: 91)
(UNKNOWN ATOM TYPE: 91)
(UNKNOWN ATOM TYPE: 11)
(UNKNOWN ATOM TYPE: 91)
(UNKNOWN ATOM TYPE: 91)
(UNKNOWN ATOM TYPE: 11)
(UNKNOWN ATOM TYPE: 91)
(UNKNOWN ATOM TYPE: 91)
(UNKNOWN ATOM TYPE: 11)
(UNKNOWN ATOM TYPE: 91)
(UNKNOWN ATOM TYPE: 91)
(UNKNOWN ATOM TYPE: 11)
(UNKNOWN ATOM TYPE: 91)
(UNKNOWN ATOM TYPE: 91)
Loaded UNIT: HPT
> loadamberprep /home/harish/GroPolBul/monomers/PE_OH/TPT.prepi
Loading Prep file: /home/harish/GroPolBul/monomers/PE_OH/TPT.prepi
(UNKNOWN ATOM TYPE: 11)
(UNKNOWN ATOM TYPE: 91)
(UNKNOWN ATOM TYPE: 91)
(UNKNOWN ATOM TYPE: 11)
(UNKNOWN ATOM TYPE: 11)
(UNKNOWN ATOM TYPE: 11)
(UNKNOWN ATOM TYPE: 11)
(UNKNOWN ATOM TYPE: 11)
(UNKNOWN ATOM TYPE: 11)
(UNKNOWN ATOM TYPE: 11)
(UNKNOWN ATOM TYPE: 11)
(UNKNOWN ATOM TYPE: 11)
(UNKNOWN ATOM TYPE: 11)
(UNKNOWN ATOM TYPE: 31)
(UNKNOWN ATOM TYPE: 91)
(UNKNOWN ATOM TYPE: 91)
(UNKNOWN ATOM TYPE: 91)
(UNKNOWN ATOM TYPE: 91)
(UNKNOWN ATOM TYPE: 91)
(UNKNOWN ATOM TYPE: 91)
(UNKNOWN ATOM TYPE: 91)
(UNKNOWN ATOM TYPE: 91)
(UNKNOWN ATOM TYPE: 91)
(UNKNOWN ATOM TYPE: 91)
(UNKNOWN ATOM TYPE: 91)
(UNKNOWN ATOM TYPE: 91)
(UNKNOWN ATOM TYPE: 91)
(UNKNOWN ATOM TYPE: 91)
(UNKNOWN ATOM TYPE: 91)
(UNKNOWN ATOM TYPE: 91)
(UNKNOWN ATOM TYPE: 91)
(UNKNOWN ATOM TYPE: 91)
(UNKNOWN ATOM TYPE: 91)
(UNKNOWN ATOM TYPE: 91)
(UNKNOWN ATOM TYPE: 91)
Loaded UNIT: TPT
> mol = sequence {HPT  TPT}
Sequence: HPT
Sequence: TPT
> savepdb mol PE_polymer.pdb
Writing pdb file: PE_polymer.pdb
> saveamberparm mol PE_polymer.prmtop PE_polymer.inpcrd
Checking Unit.
Building topology.
Building atom parameters.

/home/harish/miniconda3/envs/harish_env/bin/teLeap: Error!
For atom (.R<HPT 1>.A<O 1>) could not find vdW (or other) parameters for type (31)

/home/harish/miniconda3/envs/harish_env/bin/teLeap: Error!
For atom (.R<HPT 1>.A<H 2>) could not find vdW (or other) parameters for type (91)

/home/harish/miniconda3/envs/harish_env/bin/teLeap: Error!
For atom (.R<HPT 1>.A<C 3>) could not find vdW (or other) parameters for type (11)

/home/harish/miniconda3/envs/harish_env/bin/teLeap: Error!
For atom (.R<HPT 1>.A<H1 4>) could not find vdW (or other) parameters for type (91)

/home/harish/miniconda3/envs/harish_env/bin/teLeap: Error!
For atom (.R<HPT 1>.A<H2 5>) could not find vdW (or other) parameters for type (91)

/home/harish/miniconda3/envs/harish_env/bin/teLeap: Error!
For atom (.R<HPT 1>.A<C1 6>) could not find vdW (or other) parameters for type (11)

/home/harish/miniconda3/envs/harish_env/bin/teLeap: Error!
For atom (.R<HPT 1>.A<H3 7>) could not find vdW (or other) parameters for type (91)

/home/harish/miniconda3/envs/harish_env/bin/teLeap: Error!
For atom (.R<HPT 1>.A<H4 8>) could not find vdW (or other) parameters for type (91)

/home/harish/miniconda3/envs/harish_env/bin/teLeap: Error!
For atom (.R<HPT 1>.A<C2 9>) could not find vdW (or other) parameters for type (11)

/home/harish/miniconda3/envs/harish_env/bin/teLeap: Error!
For atom (.R<HPT 1>.A<H5 10>) could not find vdW (or other) parameters for type (91)

/home/harish/miniconda3/envs/harish_env/bin/teLeap: Error!
For atom (.R<HPT 1>.A<H6 11>) could not find vdW (or other) parameters for type (91)

/home/harish/miniconda3/envs/harish_env/bin/teLeap: Error!
For atom (.R<HPT 1>.A<C3 12>) could not find vdW (or other) parameters for type (11)

/home/harish/miniconda3/envs/harish_env/bin/teLeap: Error!
For atom (.R<HPT 1>.A<H7 13>) could not find vdW (or other) parameters for type (91)

/home/harish/miniconda3/envs/harish_env/bin/teLeap: Error!
For atom (.R<HPT 1>.A<H8 14>) could not find vdW (or other) parameters for type (91)

/home/harish/miniconda3/envs/harish_env/bin/teLeap: Error!
For atom (.R<HPT 1>.A<C4 15>) could not find vdW (or other) parameters for type (11)

/home/harish/miniconda3/envs/harish_env/bin/teLeap: Error!
For atom (.R<HPT 1>.A<H9 16>) could not find vdW (or other) parameters for type (91)

/home/harish/miniconda3/envs/harish_env/bin/teLeap: Error!
For atom (.R<HPT 1>.A<H10 17>) could not find vdW (or other) parameters for type (91)

/home/harish/miniconda3/envs/harish_env/bin/teLeap: Error!
For atom (.R<HPT 1>.A<C5 18>) could not find vdW (or other) parameters for type (11)

/home/harish/miniconda3/envs/harish_env/bin/teLeap: Error!
For atom (.R<HPT 1>.A<H11 19>) could not find vdW (or other) parameters for type (91)

/home/harish/miniconda3/envs/harish_env/bin/teLeap: Error!
For atom (.R<HPT 1>.A<H12 20>) could not find vdW (or other) parameters for type (91)

/home/harish/miniconda3/envs/harish_env/bin/teLeap: Error!
For atom (.R<HPT 1>.A<C6 21>) could not find vdW (or other) parameters for type (11)

/home/harish/miniconda3/envs/harish_env/bin/teLeap: Error!
For atom (.R<HPT 1>.A<H13 22>) could not find vdW (or other) parameters for type (91)

/home/harish/miniconda3/envs/harish_env/bin/teLeap: Error!
For atom (.R<HPT 1>.A<H14 23>) could not find vdW (or other) parameters for type (91)

/home/harish/miniconda3/envs/harish_env/bin/teLeap: Error!
For atom (.R<HPT 1>.A<C7 24>) could not find vdW (or other) parameters for type (11)

/home/harish/miniconda3/envs/harish_env/bin/teLeap: Error!
For atom (.R<HPT 1>.A<H15 25>) could not find vdW (or other) parameters for type (91)

/home/harish/miniconda3/envs/harish_env/bin/teLeap: Error!
For atom (.R<HPT 1>.A<H16 26>) could not find vdW (or other) parameters for type (91)

/home/harish/miniconda3/envs/harish_env/bin/teLeap: Error!
For atom (.R<HPT 1>.A<C8 27>) could not find vdW (or other) parameters for type (11)

/home/harish/miniconda3/envs/harish_env/bin/teLeap: Error!
For atom (.R<HPT 1>.A<H17 28>) could not find vdW (or other) parameters for type (91)

/home/harish/miniconda3/envs/harish_env/bin/teLeap: Error!
For atom (.R<HPT 1>.A<H18 29>) could not find vdW (or other) parameters for type (91)

/home/harish/miniconda3/envs/harish_env/bin/teLeap: Error!
For atom (.R<HPT 1>.A<C9 30>) could not find vdW (or other) parameters for type (11)

/home/harish/miniconda3/envs/harish_env/bin/teLeap: Error!
For atom (.R<HPT 1>.A<H19 31>) could not find vdW (or other) parameters for type (91)

/home/harish/miniconda3/envs/harish_env/bin/teLeap: Error!
For atom (.R<HPT 1>.A<H20 32>) could not find vdW (or other) parameters for type (91)

/home/harish/miniconda3/envs/harish_env/bin/teLeap: Error!
For atom (.R<HPT 1>.A<C10 33>) could not find vdW (or other) parameters for type (11)

/home/harish/miniconda3/envs/harish_env/bin/teLeap: Error!
For atom (.R<HPT 1>.A<H21 34>) could not find vdW (or other) parameters for type (91)

/home/harish/miniconda3/envs/harish_env/bin/teLeap: Error!
For atom (.R<HPT 1>.A<H22 35>) could not find vdW (or other) parameters for type (91)

/home/harish/miniconda3/envs/harish_env/bin/teLeap: Error!
For atom (.R<TPT 2>.A<C1 1>) could not find vdW (or other) parameters for type (11)

/home/harish/miniconda3/envs/harish_env/bin/teLeap: Error!
For atom (.R<TPT 2>.A<H3 2>) could not find vdW (or other) parameters for type (91)

/home/harish/miniconda3/envs/harish_env/bin/teLeap: Error!
For atom (.R<TPT 2>.A<H4 3>) could not find vdW (or other) parameters for type (91)

/home/harish/miniconda3/envs/harish_env/bin/teLeap: Error!
For atom (.R<TPT 2>.A<C2 4>) could not find vdW (or other) parameters for type (11)

/home/harish/miniconda3/envs/harish_env/bin/teLeap: Error!
For atom (.R<TPT 2>.A<C3 5>) could not find vdW (or other) parameters for type (11)

/home/harish/miniconda3/envs/harish_env/bin/teLeap: Error!
For atom (.R<TPT 2>.A<C4 6>) could not find vdW (or other) parameters for type (11)

/home/harish/miniconda3/envs/harish_env/bin/teLeap: Error!
For atom (.R<TPT 2>.A<C5 7>) could not find vdW (or other) parameters for type (11)

/home/harish/miniconda3/envs/harish_env/bin/teLeap: Error!
For atom (.R<TPT 2>.A<C6 8>) could not find vdW (or other) parameters for type (11)

/home/harish/miniconda3/envs/harish_env/bin/teLeap: Error!
For atom (.R<TPT 2>.A<C7 9>) could not find vdW (or other) parameters for type (11)

/home/harish/miniconda3/envs/harish_env/bin/teLeap: Error!
For atom (.R<TPT 2>.A<C8 10>) could not find vdW (or other) parameters for type (11)

/home/harish/miniconda3/envs/harish_env/bin/teLeap: Error!
For atom (.R<TPT 2>.A<C9 11>) could not find vdW (or other) parameters for type (11)

/home/harish/miniconda3/envs/harish_env/bin/teLeap: Error!
For atom (.R<TPT 2>.A<C10 12>) could not find vdW (or other) parameters for type (11)

/home/harish/miniconda3/envs/harish_env/bin/teLeap: Error!
For atom (.R<TPT 2>.A<C11 13>) could not find vdW (or other) parameters for type (11)

/home/harish/miniconda3/envs/harish_env/bin/teLeap: Error!
For atom (.R<TPT 2>.A<O1 14>) could not find vdW (or other) parameters for type (31)

/home/harish/miniconda3/envs/harish_env/bin/teLeap: Error!
For atom (.R<TPT 2>.A<H25 15>) could not find vdW (or other) parameters for type (91)

/home/harish/miniconda3/envs/harish_env/bin/teLeap: Error!
For atom (.R<TPT 2>.A<H23 16>) could not find vdW (or other) parameters for type (91)

/home/harish/miniconda3/envs/harish_env/bin/teLeap: Error!
For atom (.R<TPT 2>.A<H24 17>) could not find vdW (or other) parameters for type (91)

/home/harish/miniconda3/envs/harish_env/bin/teLeap: Error!
For atom (.R<TPT 2>.A<H21 18>) could not find vdW (or other) parameters for type (91)

/home/harish/miniconda3/envs/harish_env/bin/teLeap: Error!
For atom (.R<TPT 2>.A<H22 19>) could not find vdW (or other) parameters for type (91)

/home/harish/miniconda3/envs/harish_env/bin/teLeap: Error!
For atom (.R<TPT 2>.A<H19 20>) could not find vdW (or other) parameters for type (91)

/home/harish/miniconda3/envs/harish_env/bin/teLeap: Error!
For atom (.R<TPT 2>.A<H20 21>) could not find vdW (or other) parameters for type (91)

/home/harish/miniconda3/envs/harish_env/bin/teLeap: Error!
For atom (.R<TPT 2>.A<H17 22>) could not find vdW (or other) parameters for type (91)

/home/harish/miniconda3/envs/harish_env/bin/teLeap: Error!
For atom (.R<TPT 2>.A<H18 23>) could not find vdW (or other) parameters for type (91)

/home/harish/miniconda3/envs/harish_env/bin/teLeap: Error!
For atom (.R<TPT 2>.A<H15 24>) could not find vdW (or other) parameters for type (91)

/home/harish/miniconda3/envs/harish_env/bin/teLeap: Error!
For atom (.R<TPT 2>.A<H16 25>) could not find vdW (or other) parameters for type (91)

/home/harish/miniconda3/envs/harish_env/bin/teLeap: Error!
For atom (.R<TPT 2>.A<H13 26>) could not find vdW (or other) parameters for type (91)

/home/harish/miniconda3/envs/harish_env/bin/teLeap: Error!
For atom (.R<TPT 2>.A<H14 27>) could not find vdW (or other) parameters for type (91)

/home/harish/miniconda3/envs/harish_env/bin/teLeap: Error!
For atom (.R<TPT 2>.A<H11 28>) could not find vdW (or other) parameters for type (91)

/home/harish/miniconda3/envs/harish_env/bin/teLeap: Error!
For atom (.R<TPT 2>.A<H12 29>) could not find vdW (or other) parameters for type (91)

/home/harish/miniconda3/envs/harish_env/bin/teLeap: Error!
For atom (.R<TPT 2>.A<H9 30>) could not find vdW (or other) parameters for type (91)

/home/harish/miniconda3/envs/harish_env/bin/teLeap: Error!
For atom (.R<TPT 2>.A<H10 31>) could not find vdW (or other) parameters for type (91)

/home/harish/miniconda3/envs/harish_env/bin/teLeap: Error!
For atom (.R<TPT 2>.A<H7 32>) could not find vdW (or other) parameters for type (91)

/home/harish/miniconda3/envs/harish_env/bin/teLeap: Error!
For atom (.R<TPT 2>.A<H8 33>) could not find vdW (or other) parameters for type (91)

/home/harish/miniconda3/envs/harish_env/bin/teLeap: Error!
For atom (.R<TPT 2>.A<H5 34>) could not find vdW (or other) parameters for type (91)

/home/harish/miniconda3/envs/harish_env/bin/teLeap: Error!
For atom (.R<TPT 2>.A<H6 35>) could not find vdW (or other) parameters for type (91)

/home/harish/miniconda3/envs/harish_env/bin/teLeap: Warning!
Parameter file was not saved.
 quit
	Quit

Exiting LEaP: Errors = 70; Warnings = 1; Notes = 0.
log started: Thu Jan 12 16:17:20 2023

Log file: ./leap.log
>> #
>> # ----- leaprc for loading the general Amber Force field.
>> #       This file is mostly for use with Antechamber
>> #
>> #	load atom type hybridizations
>> #
>> addAtomTypes {
>> 	{ "h1"  "H" "sp3" }
>> 	{ "h2"  "H" "sp3" }
>> 	{ "h3"  "H" "sp3" }
>> 	{ "h4"  "H" "sp3" }
>> 	{ "h5"  "H" "sp3" }
>> 	{ "ha"  "H" "sp3" }
>> 	{ "hc"  "H" "sp3" }
>> 	{ "hn"  "H" "sp3" }
>> 	{ "ho"  "H" "sp3" }
>> 	{ "hp"  "H" "sp3" }
>> 	{ "hs"  "H" "sp3" }
>> 	{ "hw"  "H" "sp3" }
>> 	{ "hx"  "H" "sp3" }
>> 	{ "o"  "O" "sp2" }
>> 	{ "o2"  "O" "sp2" }
>> 	{ "oh"  "O" "sp3" }
>> 	{ "op"  "O" "sp3" }
>> 	{ "oq"  "O" "sp3" }
>> 	{ "os"  "O" "sp3" }
>> 	{ "ow"  "O" "sp3" }
>> 	{ "c"  "C" "sp2" }
>> 	{ "c1"  "C" "sp2" }
>> 	{ "c2"  "C" "sp2" }
>> 	{ "c3"  "C" "sp3" }
>> 	{ "ca"  "C" "sp2" }
>> 	{ "cc"  "C" "sp2" }
>> 	{ "cd"  "C" "sp2" }
>> 	{ "ce"  "C" "sp2" }
>> 	{ "cf"  "C" "sp2" }
>> 	{ "cg"  "C" "sp2" }
>> 	{ "ch"  "C" "sp2" }
>> 	{ "cp"  "C" "sp2" }
>> 	{ "cq"  "C" "sp2" }
>> 	{ "cu"  "C" "sp2" }
>> 	{ "cv"  "C" "sp2" }
>> 	{ "cx"  "C" "sp2" }
>> 	{ "cy"  "C" "sp2" }
>> 	{ "cz"  "C" "sp2" }
>> 	{ "n"   "N" "sp2" }
>> 	{ "n1"  "N" "sp2" }
>> 	{ "n2"  "N" "sp2" }
>> 	{ "n3"  "N" "sp3" }
>> 	{ "n4"  "N" "sp3" }
>> 	{ "na"  "N" "sp2" }
>> 	{ "nb"  "N" "sp2" }
>> 	{ "nc"  "N" "sp2" }
>> 	{ "nd"  "N" "sp2" }
>> 	{ "ne"  "N" "sp2" }
>> 	{ "nf"  "N" "sp2" }
>> 	{ "nh"  "N" "sp2" }
>> 	{ "ni"  "N" "sp2" }
>> 	{ "nj"  "N" "sp2" }
>> 	{ "nk"  "N" "sp3" }
>> 	{ "nl"  "N" "sp3" }
>> 	{ "nm"  "N" "sp2" }
>> 	{ "nn"  "N" "sp2" }
>> 	{ "no"  "N" "sp2" }
>> 	{ "np"  "N" "sp3" }
>> 	{ "nq"  "N" "sp3" }
>> 	{ "s"   "S" "sp2" }
>> 	{ "s2"   "S" "sp2" }
>> 	{ "s3"   "S" "sp3" }
>> 	{ "s4"   "S" "sp3" }
>> 	{ "s6"   "S" "sp3" }
>> 	{ "sh"   "S" "sp3" }
>> 	{ "sp"   "S" "sp3" }
>> 	{ "sq"   "S" "sp3" }
>> 	{ "ss"   "S" "sp3" }
>> 	{ "sx"   "S" "sp3" }
>> 	{ "sy"   "S" "sp3" }
>> 	{ "p2"   "P" "sp2" }
>> 	{ "p3"   "P" "sp3" }
>> 	{ "p4"   "P" "sp3" }
>> 	{ "p5"   "P" "sp3" }
>> 	{ "pb"   "P" "sp3" }
>> 	{ "pc"   "P" "sp3" }
>> 	{ "pd"   "P" "sp3" }
>> 	{ "pe"   "P" "sp3" }
>> 	{ "pf"   "P" "sp3" }
>> 	{ "px"   "P" "sp3" }
>> 	{ "py"   "P" "sp3" }
>> 	{ "f"   "F" "sp3" }
>> 	{ "cl"  "Cl" "sp3" }
>> 	{ "br"  "Br" "sp3" }
>> 	{ "i"   "I"  "sp3" }
>> }
>> #
>> #	Load the general force field parameter set.
>> #
>> gaff = loadamberparams gaff.dat
Loading parameters: /home/harish/miniconda3/envs/harish_env/dat/leap/parm/gaff.dat
Reading title:
AMBER General Force Field for organic molecules (Version 1.81, May 2017)
> 
> loadamberprep /home/harish/GroPolBul/monomers/PE_OH/PE.prepi
Loading Prep file: /home/harish/GroPolBul/monomers/PE_OH/PE.prepi
Loaded UNIT: PE
> loadamberprep /home/harish/GroPolBul/monomers/PE_OH/HPT.prepi
Loading Prep file: /home/harish/GroPolBul/monomers/PE_OH/HPT.prepi
Loaded UNIT: HPT
> loadamberprep /home/harish/GroPolBul/monomers/PE_OH/TPT.prepi
Loading Prep file: /home/harish/GroPolBul/monomers/PE_OH/TPT.prepi
Loaded UNIT: TPT
> mol = sequence {HPT  TPT}
Sequence: HPT
Sequence: TPT
> savepdb mol PE_polymer.pdb
Writing pdb file: PE_polymer.pdb
> saveamberparm mol PE_polymer.prmtop PE_polymer.inpcrd
Checking Unit.
Building topology.
Building atom parameters.
Building bond parameters.
Building angle parameters.
Building proper torsion parameters.
Building improper torsion parameters.
old PREP-specified impropers:
 total 0 improper torsions applied
 0 improper torsions in old prep form
Building H-Bond parameters.
Incorporating Non-Bonded adjustments.
Not Marking per-residue atom chain types.
Marking per-residue atom chain types.
 (no restraints)
 quit
	Quit

Exiting LEaP: Errors = 0; Warnings = 0; Notes = 0.
log started: Thu Jan 12 16:17:57 2023

Log file: ./leap.log
>> #
>> # ----- leaprc for loading the general Amber Force field.
>> #       This file is mostly for use with Antechamber
>> #
>> #	load atom type hybridizations
>> #
>> addAtomTypes {
>> 	{ "h1"  "H" "sp3" }
>> 	{ "h2"  "H" "sp3" }
>> 	{ "h3"  "H" "sp3" }
>> 	{ "h4"  "H" "sp3" }
>> 	{ "h5"  "H" "sp3" }
>> 	{ "ha"  "H" "sp3" }
>> 	{ "hc"  "H" "sp3" }
>> 	{ "hn"  "H" "sp3" }
>> 	{ "ho"  "H" "sp3" }
>> 	{ "hp"  "H" "sp3" }
>> 	{ "hs"  "H" "sp3" }
>> 	{ "hw"  "H" "sp3" }
>> 	{ "hx"  "H" "sp3" }
>> 	{ "o"  "O" "sp2" }
>> 	{ "o2"  "O" "sp2" }
>> 	{ "oh"  "O" "sp3" }
>> 	{ "op"  "O" "sp3" }
>> 	{ "oq"  "O" "sp3" }
>> 	{ "os"  "O" "sp3" }
>> 	{ "ow"  "O" "sp3" }
>> 	{ "c"  "C" "sp2" }
>> 	{ "c1"  "C" "sp2" }
>> 	{ "c2"  "C" "sp2" }
>> 	{ "c3"  "C" "sp3" }
>> 	{ "ca"  "C" "sp2" }
>> 	{ "cc"  "C" "sp2" }
>> 	{ "cd"  "C" "sp2" }
>> 	{ "ce"  "C" "sp2" }
>> 	{ "cf"  "C" "sp2" }
>> 	{ "cg"  "C" "sp2" }
>> 	{ "ch"  "C" "sp2" }
>> 	{ "cp"  "C" "sp2" }
>> 	{ "cq"  "C" "sp2" }
>> 	{ "cu"  "C" "sp2" }
>> 	{ "cv"  "C" "sp2" }
>> 	{ "cx"  "C" "sp2" }
>> 	{ "cy"  "C" "sp2" }
>> 	{ "cz"  "C" "sp2" }
>> 	{ "n"   "N" "sp2" }
>> 	{ "n1"  "N" "sp2" }
>> 	{ "n2"  "N" "sp2" }
>> 	{ "n3"  "N" "sp3" }
>> 	{ "n4"  "N" "sp3" }
>> 	{ "na"  "N" "sp2" }
>> 	{ "nb"  "N" "sp2" }
>> 	{ "nc"  "N" "sp2" }
>> 	{ "nd"  "N" "sp2" }
>> 	{ "ne"  "N" "sp2" }
>> 	{ "nf"  "N" "sp2" }
>> 	{ "nh"  "N" "sp2" }
>> 	{ "ni"  "N" "sp2" }
>> 	{ "nj"  "N" "sp2" }
>> 	{ "nk"  "N" "sp3" }
>> 	{ "nl"  "N" "sp3" }
>> 	{ "nm"  "N" "sp2" }
>> 	{ "nn"  "N" "sp2" }
>> 	{ "no"  "N" "sp2" }
>> 	{ "np"  "N" "sp3" }
>> 	{ "nq"  "N" "sp3" }
>> 	{ "s"   "S" "sp2" }
>> 	{ "s2"   "S" "sp2" }
>> 	{ "s3"   "S" "sp3" }
>> 	{ "s4"   "S" "sp3" }
>> 	{ "s6"   "S" "sp3" }
>> 	{ "sh"   "S" "sp3" }
>> 	{ "sp"   "S" "sp3" }
>> 	{ "sq"   "S" "sp3" }
>> 	{ "ss"   "S" "sp3" }
>> 	{ "sx"   "S" "sp3" }
>> 	{ "sy"   "S" "sp3" }
>> 	{ "p2"   "P" "sp2" }
>> 	{ "p3"   "P" "sp3" }
>> 	{ "p4"   "P" "sp3" }
>> 	{ "p5"   "P" "sp3" }
>> 	{ "pb"   "P" "sp3" }
>> 	{ "pc"   "P" "sp3" }
>> 	{ "pd"   "P" "sp3" }
>> 	{ "pe"   "P" "sp3" }
>> 	{ "pf"   "P" "sp3" }
>> 	{ "px"   "P" "sp3" }
>> 	{ "py"   "P" "sp3" }
>> 	{ "f"   "F" "sp3" }
>> 	{ "cl"  "Cl" "sp3" }
>> 	{ "br"  "Br" "sp3" }
>> 	{ "i"   "I"  "sp3" }
>> }
>> #
>> #	Load the general force field parameter set.
>> #
>> gaff = loadamberparams gaff.dat
Loading parameters: /home/harish/miniconda3/envs/harish_env/dat/leap/parm/gaff.dat
Reading title:
AMBER General Force Field for organic molecules (Version 1.81, May 2017)
> 
> loadamberprep /home/harish/GroPolBul/monomers/PE_OH/PE.prepi
Loading Prep file: /home/harish/GroPolBul/monomers/PE_OH/PE.prepi
Loaded UNIT: PE
> loadamberprep /home/harish/GroPolBul/monomers/PE_OH/HPT.prepi
Loading Prep file: /home/harish/GroPolBul/monomers/PE_OH/HPT.prepi
Loaded UNIT: HPT
> loadamberprep /home/harish/GroPolBul/monomers/PE_OH/TPT.prepi
Loading Prep file: /home/harish/GroPolBul/monomers/PE_OH/TPT.prepi
Loaded UNIT: TPT
> mol = sequence {HPT  TPT}
Sequence: HPT
Sequence: TPT
> savepdb mol PE_polymer.pdb
Writing pdb file: PE_polymer.pdb
> #saveamberparm mol PE_polymer.prmtop PE_polymer.inpcrd
 quit
	Quit

Exiting LEaP: Errors = 0; Warnings = 0; Notes = 0.
log started: Thu Jan 12 16:18:42 2023

Log file: ./leap.log
>> #
>> # ----- leaprc for loading the general Amber Force field.
>> #       This file is mostly for use with Antechamber
>> #
>> #	load atom type hybridizations
>> #
>> addAtomTypes {
>> 	{ "h1"  "H" "sp3" }
>> 	{ "h2"  "H" "sp3" }
>> 	{ "h3"  "H" "sp3" }
>> 	{ "h4"  "H" "sp3" }
>> 	{ "h5"  "H" "sp3" }
>> 	{ "ha"  "H" "sp3" }
>> 	{ "hc"  "H" "sp3" }
>> 	{ "hn"  "H" "sp3" }
>> 	{ "ho"  "H" "sp3" }
>> 	{ "hp"  "H" "sp3" }
>> 	{ "hs"  "H" "sp3" }
>> 	{ "hw"  "H" "sp3" }
>> 	{ "hx"  "H" "sp3" }
>> 	{ "o"  "O" "sp2" }
>> 	{ "o2"  "O" "sp2" }
>> 	{ "oh"  "O" "sp3" }
>> 	{ "op"  "O" "sp3" }
>> 	{ "oq"  "O" "sp3" }
>> 	{ "os"  "O" "sp3" }
>> 	{ "ow"  "O" "sp3" }
>> 	{ "c"  "C" "sp2" }
>> 	{ "c1"  "C" "sp2" }
>> 	{ "c2"  "C" "sp2" }
>> 	{ "c3"  "C" "sp3" }
>> 	{ "ca"  "C" "sp2" }
>> 	{ "cc"  "C" "sp2" }
>> 	{ "cd"  "C" "sp2" }
>> 	{ "ce"  "C" "sp2" }
>> 	{ "cf"  "C" "sp2" }
>> 	{ "cg"  "C" "sp2" }
>> 	{ "ch"  "C" "sp2" }
>> 	{ "cp"  "C" "sp2" }
>> 	{ "cq"  "C" "sp2" }
>> 	{ "cu"  "C" "sp2" }
>> 	{ "cv"  "C" "sp2" }
>> 	{ "cx"  "C" "sp2" }
>> 	{ "cy"  "C" "sp2" }
>> 	{ "cz"  "C" "sp2" }
>> 	{ "n"   "N" "sp2" }
>> 	{ "n1"  "N" "sp2" }
>> 	{ "n2"  "N" "sp2" }
>> 	{ "n3"  "N" "sp3" }
>> 	{ "n4"  "N" "sp3" }
>> 	{ "na"  "N" "sp2" }
>> 	{ "nb"  "N" "sp2" }
>> 	{ "nc"  "N" "sp2" }
>> 	{ "nd"  "N" "sp2" }
>> 	{ "ne"  "N" "sp2" }
>> 	{ "nf"  "N" "sp2" }
>> 	{ "nh"  "N" "sp2" }
>> 	{ "ni"  "N" "sp2" }
>> 	{ "nj"  "N" "sp2" }
>> 	{ "nk"  "N" "sp3" }
>> 	{ "nl"  "N" "sp3" }
>> 	{ "nm"  "N" "sp2" }
>> 	{ "nn"  "N" "sp2" }
>> 	{ "no"  "N" "sp2" }
>> 	{ "np"  "N" "sp3" }
>> 	{ "nq"  "N" "sp3" }
>> 	{ "s"   "S" "sp2" }
>> 	{ "s2"   "S" "sp2" }
>> 	{ "s3"   "S" "sp3" }
>> 	{ "s4"   "S" "sp3" }
>> 	{ "s6"   "S" "sp3" }
>> 	{ "sh"   "S" "sp3" }
>> 	{ "sp"   "S" "sp3" }
>> 	{ "sq"   "S" "sp3" }
>> 	{ "ss"   "S" "sp3" }
>> 	{ "sx"   "S" "sp3" }
>> 	{ "sy"   "S" "sp3" }
>> 	{ "p2"   "P" "sp2" }
>> 	{ "p3"   "P" "sp3" }
>> 	{ "p4"   "P" "sp3" }
>> 	{ "p5"   "P" "sp3" }
>> 	{ "pb"   "P" "sp3" }
>> 	{ "pc"   "P" "sp3" }
>> 	{ "pd"   "P" "sp3" }
>> 	{ "pe"   "P" "sp3" }
>> 	{ "pf"   "P" "sp3" }
>> 	{ "px"   "P" "sp3" }
>> 	{ "py"   "P" "sp3" }
>> 	{ "f"   "F" "sp3" }
>> 	{ "cl"  "Cl" "sp3" }
>> 	{ "br"  "Br" "sp3" }
>> 	{ "i"   "I"  "sp3" }
>> }
>> #
>> #	Load the general force field parameter set.
>> #
>> gaff = loadamberparams gaff.dat
Loading parameters: /home/harish/miniconda3/envs/harish_env/dat/leap/parm/gaff.dat
Reading title:
AMBER General Force Field for organic molecules (Version 1.81, May 2017)
> 
> loadamberprep /home/harish/GroPolBul/monomers/PE_OH/PE.prepi
Loading Prep file: /home/harish/GroPolBul/monomers/PE_OH/PE.prepi
Loaded UNIT: PE
> loadamberprep /home/harish/GroPolBul/monomers/PE_OH/HPT.prepi
Loading Prep file: /home/harish/GroPolBul/monomers/PE_OH/HPT.prepi
Loaded UNIT: HPT
> loadamberprep /home/harish/GroPolBul/monomers/PE_OH/TPT.prepi
Loading Prep file: /home/harish/GroPolBul/monomers/PE_OH/TPT.prepi
Loaded UNIT: TPT
> mol = sequence {HPT  TPT}
Sequence: HPT
Sequence: TPT
> savepdb mol PE_polymer.pdb
Writing pdb file: PE_polymer.pdb
> saveamberparm mol PE_polymer.prmtop PE_polymer.inpcrd
Checking Unit.
Building topology.
Building atom parameters.
Building bond parameters.
Building angle parameters.
Building proper torsion parameters.
Building improper torsion parameters.
old PREP-specified impropers:
 total 0 improper torsions applied
 0 improper torsions in old prep form
Building H-Bond parameters.
Incorporating Non-Bonded adjustments.
Not Marking per-residue atom chain types.
Marking per-residue atom chain types.
 (no restraints)
 quit
	Quit

Exiting LEaP: Errors = 0; Warnings = 0; Notes = 0.
