==========================================================================
| ACPYPE: AnteChamber PYthon Parser interfacE v. 2022.6.6 (c) 2023 AWSdS |
==========================================================================
DEBUG: CLI: -i pf6.pdb -b PF6 -n -1
DEBUG: Python Version 3.7.11 (default, Jul 27 2021, 14:32:16) 
[GCC 7.5.0]
DEBUG: Max execution time tolerance is 3h
DEBUG: Residue name is a 'number': '6'
WARNING: In PF6_AC.lib, residue name will be 'R6' instead of '6' elsewhere
DEBUG: setResNameCheckCoords done
DEBUG: Net charge drift '0.000000'
==> ... charge set to -1
==> ... converting pdb input file to mol2 input file
DEBUG: /home/harish/miniconda3/envs/harish_env/bin/obabel -ipdb pf6.pdb -omol2 -O PF6.mol2
==> * Babel OK *
==> Executing Antechamber...
DEBUG: /home/harish/miniconda3/envs/harish_env/bin/antechamber -dr no -i PF6.mol2 -fi mol2 -o PF6_bcc_gaff2.mol2 -fo mol2 -c bcc -nc -1 -m 1 -s 2 -df 2 -at gaff2 -pf n 
DEBUG: No file left to be removed
==> * Antechamber OK *
DEBUG: /home/harish/miniconda3/envs/harish_env/bin/parmchk2 -i PF6_bcc_gaff2.mol2 -f mol2 -o PF6_AC.frcmod -s 2
==> * Parmchk OK *
DEBUG: No crd or prm files left to be removed
==> Executing Tleap...
DEBUG: /home/harish/miniconda3/envs/harish_env/bin/tleap -f tleap.in
DEBUG: ++++++++++start_quote+++++++++++++++++++++++++++++++++++++++++++++++++++++++++++
DEBUG: Checking 'R6'....

/home/harish/miniconda3/envs/harish_env/bin/teLeap: Warning!
The unperturbed charge of the unit (-1.003000) is not zero.
Checking parameters for unit 'R6'.
Checking for bond parameters.
Checking for angle parameters.
check: Warnings: 1
Unit is OK.
DEBUG: ++++++++++end_quote+++++++++++++++++++++++++++++++++++++++++++++++++++++++++++++
==> * Tleap OK *
==> Removing temporary files...
DEBUG: prmtop and inpcrd files loaded
DEBUG: basename defined = 'PF6'
DEBUG: getCoords done
DEBUG: getABCOEFs done
DEBUG: charge to be balanced: total -1.0029999989
DEBUG: balanceCharges done
DEBUG: Balanced TotalCharge -1.0000000000
DEBUG: PBC = None
DEBUG: getAtoms done
DEBUG: getBonds done
DEBUG: getAngles done
DEBUG: getDihedrals done
==> Using OpenBabel v.3.1.0

==> Writing NEW PDB file

==> Writing CNS/XPLOR files

DEBUG: chiralGroups 0
==> Writing GROMACS files

==> Disambiguating lower and uppercase atomtypes in GMX top file, even if identical.

DEBUG: writing GRO file
DEBUG: Box size estimated
DEBUG: writing POSRE file
DEBUG: atomTypes 2
DEBUG: GMX atomtypes done
DEBUG: atoms 7
DEBUG: GMX atoms done
DEBUG: bonds 6
DEBUG: GMX bonds done
DEBUG: atomPairs 0
DEBUG: GMX pairs done
DEBUG: angles 15
DEBUG: GMX angles done
DEBUG: setProperDihedralsCoef done
DEBUG: properDihedralsCoefRB 0
DEBUG: properDihedralsAlphaGamma 0
DEBUG: properDihedralsGmx45 0
==> Writing GMX dihedrals for GMX 4.5 and higher.

DEBUG: GMX special proper dihedrals done
DEBUG: improperDihedrals 0
DEBUG: GMX improper dihedrals done
==> Writing CHARMM files

DEBUG: /home/harish/miniconda3/envs/harish_env/bin/antechamber -dr no -i PF6_bcc_gaff2.mol2 -fi mol2 -o PF6_CHARMM -fo charmm -s 2 -at gaff2 -pf n -rn R6
DEBUG: ++++++++++start_quote+++++++++++++++++++++++++++++++++++++++++++++++++++++++++++
DEBUG: 
Welcome to antechamber 22.0: molecular input file processor.

Info: The atom type is set to gaff2; the options available to the -at flag are
 gaff, gaff2, amber, bcc, and sybyl.

Info: Ignoring Mol2 record type (@<TRIPOS>SUBSTRUCTURE).
Info: Finished reading file (PF6_bcc_gaff2.mol2); atoms read (7), bonds read (6).
Info: Determining atomic numbers from atomic symbols which are case sensitive.
Running: /home/harish/miniconda3/envs/harish_env/bin/bondtype -j full -i ANTECHAMBER_BOND_TYPE.AC0 -o ANTECHAMBER_BOND_TYPE.AC -f ac
Warning: For atom (ID: 1, Name: P) the best APS is not zero.
 Bonds involving this atom are frozen.

Running: /home/harish/miniconda3/envs/harish_env/bin/atomtype -i ANTECHAMBER_AC.AC0 -o ANTECHAMBER_AC.AC -p gaff2

Running: /home/harish/miniconda3/envs/harish_env/bin/atomtype -i ANTECHAMBER_PREP.AC0 -o ANTECHAMBER_PREP.AC -p gaff2

Running: /home/harish/miniconda3/envs/harish_env/bin/charmmgen -i ANTECHAMBER_PREP.AC -f ac -o PF6_CHARMM -r R6

DEBUG: ++++++++++end_quote+++++++++++++++++++++++++++++++++++++++++++++++++++++++++++++
==> Writing pickle file PF6.pkl
==> Removing temporary files...
Total time of execution: 7s
DEBUG: No tmp folder left to be removed
