            --------------------------------------------------------
                             AMBER SQM VERSION 19
 
                                     By
              Ross C. Walker, Michael F. Crowley, Scott Brozell,
                         Tim Giese, Andreas W. Goetz,
                        Tai-Sung Lee and David A. Case
 
            --------------------------------------------------------
 

--------------------------------------------------------------------------------
  QM CALCULATION INFO
--------------------------------------------------------------------------------

| QMMM: Citation for AMBER QMMM Run:
| QMMM: R.C. Walker, M.F. Crowley and D.A. Case, J. COMP. CHEM. 29:1019, 2008

QMMM: SINGLET STATE CALCULATION
QMMM: RHF CALCULATION, NO. OF DOUBLY OCCUPIED LEVELS = 24

| QMMM: *** Selected Hamiltonian *** 
| QMMM: AM1         

| QMMM: *** Parameter sets in use ***
| QMMM: P : M.J.S.DEWAR et al. THEOCHEM, 187,1, (1989)
| QMMM: F : M.J.S.DEWAR et al. THEOCHEM, 180, 1, (1988)

| QMMM: *** SCF convergence criteria ***
| QMMM: Energy change                :  0.1D-09 kcal/mol
| QMMM: Error matrix |FP-PF|         :  0.1D+00 au
| QMMM: Density matrix change        :  0.5D-06
| QMMM: Maximum number of SCF cycles :     1000

| QMMM: *** Diagonalization Routine Information ***
| QMMM: Pseudo diagonalizations are allowed.
| QMMM: Auto diagonalization routine selection is in use.
| QMMM:
| QMMM: Timing diagonalization routines:
| QMMM:                              norbs =       28
| QMMM:    diag iterations used for timing =       20
| QMMM:
| QMMM:              Internal diag routine = 0.003486 seconds
| QMMM:                 Dspev diag routine = 0.042406 seconds
| QMMM:                Dspevd diag routine = 0.004754 seconds
| QMMM:                Dspevx diag routine = 0.019518 seconds
| QMMM:                 Dsyev diag routine = 0.005190 seconds
| QMMM:                Dsyevd diag routine = 0.004006 seconds
| QMMM:                Dsyevr diag routine = 0.005255 seconds
| QMMM:
| QMMM:                Pseudo diag routine = 0.000273 seconds
| QMMM:
| QMMM: Using internal diagonalization routine (diag_routine=1).

  QMMM: QM Region Cartesian Coordinates (*=link atom) 
  QMMM: QM_NO.   MM_NO.  ATOM         X         Y         Z
  QMMM:     1        1      P       -1.3840    0.0860   -0.0190
  QMMM:     2        2      F       -0.2040    1.3150   -0.2420
  QMMM:     3        3      F       -2.6330    1.2490   -0.2110
  QMMM:     4        4      F       -2.5630   -1.1430    0.2040
  QMMM:     5        5      F       -0.1340   -1.0780    0.1730
  QMMM:     6        6      F       -1.3700    0.3800    1.6730
  QMMM:     7        7      F       -1.3980   -0.2090   -1.7110

--------------------------------------------------------------------------------
  RESULTS
--------------------------------------------------------------------------------

      iter         sqm energy              rms gradient
      ----    -------------------    -----------------------
xmin    10     -504.3214 kcal/mol        0.0088 kcal/(mol*A)
  ... geometry converged !
 
 Final MO eigenvalues (eV):
 -44.4437  -43.4129  -43.4129  -43.4129  -39.5099  -39.5099  -16.3262  -13.7338
 -13.7338  -13.7338  -10.3485  -10.3485  -10.3485   -9.3901   -9.3901   -9.3901
  -9.0742   -9.0742   -9.0742   -9.0504   -9.0504   -8.7633   -8.7633   -8.7633
   7.8962   12.0146   12.0146   12.0146

 Heat of formation   =       -504.32142453 kcal/mol  (      -21.86901802 eV)

 Total SCF energy    =     -70295.48809538 kcal/mol  (    -3048.24110383 eV)
 Electronic energy   =    -205118.28383677 kcal/mol  (    -8894.59623766 eV)
 Core-core repulsion =     134822.79574140 kcal/mol  (     5846.35513384 eV)
 
    Atomic Charges for Step       1 :
  Atom    Element       Mulliken Charge
     1      P                  2.903
     2      F                 -0.651
     3      F                 -0.651
     4      F                 -0.651
     5      F                 -0.651
     6      F                 -0.651
     7      F                 -0.651
 Total Mulliken Charge =      -1.000
 
                  X        Y        Z     TOTAL  
  QM DIPOLE     6.646   -0.412    0.091    6.660
 
 Final Structure

  QMMM: QM Region Cartesian Coordinates (*=link atom) 
  QMMM: QM_NO.   MM_NO.  ATOM         X         Y         Z
  QMMM:     1        1      P       -1.3837    0.0857   -0.0190
  QMMM:     2        2      F       -0.3045    1.2071   -0.2354
  QMMM:     3        3      F       -2.5255    1.1513   -0.1917
  QMMM:     4        4      F       -2.4629   -1.0357    0.1974
  QMMM:     5        5      F       -0.2419   -0.9798    0.1537
  QMMM:     6        6      F       -1.3603    0.3616    1.5277
  QMMM:     7        7      F       -1.4072   -0.1902   -1.5657

           --------- Calculation Completed ----------

