-I: Adding /pdc/vol/amber/16.at17/amd64_co7/dat/leap/prep to search path.
-I: Adding /pdc/vol/amber/16.at17/amd64_co7/dat/leap/lib to search path.
-I: Adding /pdc/vol/amber/16.at17/amd64_co7/dat/leap/parm to search path.
-I: Adding /pdc/vol/amber/16.at17/amd64_co7/dat/leap/cmd to search path.
-s: Ignoring startup file: leaprc
-f: Source tleap.in.

Welcome to LEaP!
Sourcing: ./tleap.in
----- Source: /pdc/vol/amber/16.at17/amd64_co7/dat/leap/cmd/leaprc.gaff
----- Source of /pdc/vol/amber/16.at17/amd64_co7/dat/leap/cmd/leaprc.gaff done
Log file: ./leap.log
Loading parameters: /pdc/vol/amber/16.at17/amd64_co7/dat/leap/parm/gaff.dat
Reading title:
AMBER General Force Field for organic molecules (Version 1.8, Mar 2015)
Loading Prep file: /cfs/klemming/nobackup/h/hargu978/GroPolBul/monomers/PCL_LOH/PCL.prepi
Loading Prep file: /cfs/klemming/nobackup/h/hargu978/GroPolBul/monomers/PCL_ROH/PCL.prepi
Loading Prep file: /cfs/klemming/nobackup/h/hargu978/GroPolBul/monomers/PTM_OH/PTM.prepi
Loading Prep file: /cfs/klemming/nobackup/h/hargu978/GroPolBul/monomers/PCL_LOH/HPT.prepi
Loading Prep file: /cfs/klemming/nobackup/h/hargu978/GroPolBul/monomers/PCL_LOH/TPT.prepi
Writing pdb file: /cfs/klemming/nobackup/h/hargu978/GroPolBul/polymers/PCL24_PTM6/polymer.pdb
 Truncating residue name for PDB format: PCLL -> PCL
 Truncating residue name for PDB format: PCLL -> PCL
 Truncating residue name for PDB format: PCLL -> PCL
 Truncating residue name for PDB format: PCLL -> PCL
 Truncating residue name for PDB format: PCLR -> PCL
 Truncating residue name for PDB format: PCLR -> PCL
 Truncating residue name for PDB format: PCLR -> PCL
 Truncating residue name for PDB format: PCLR -> PCL
Checking Unit.
Building topology.
Building atom parameters.
Building bond parameters.
Building angle parameters.
Building proper torsion parameters.
Building improper torsion parameters.
old PREP-specified impropers:
 <HPT 1>:  C4   O3   C5   O1  
 <HPT 1>:  C10  O4   C11  O2  
 <PCLL 2>:  C4   O3   C5   O1  
 <PCLL 2>:  C10  O4   C11  O2  
 <PCLL 3>:  C4   O3   C5   O1  
 <PCLL 3>:  C10  O4   C11  O2  
 <PCLL 4>:  C4   O3   C5   O1  
 <PCLL 4>:  C10  O4   C11  O2  
 <PTM 5>:  O5   O2   C3   O1  
 <PTM 5>:  O6   O3   C7   O4  
 <PCLL 6>:  C4   O3   C5   O1  
 <PCLL 6>:  C10  O4   C11  O2  
 <PTM 7>:  O5   O2   C3   O1  
 <PTM 7>:  O6   O3   C7   O4  
 <PTM 8>:  O5   O2   C3   O1  
 <PTM 8>:  O6   O3   C7   O4  
 <PTM 9>:  O5   O2   C3   O1  
 <PTM 9>:  O6   O3   C7   O4  
 <PCLR 10>:  C4   O1   C3   O   
 <PCLR 10>:  C10  O3   C9   O2  
 <PCLR 11>:  C4   O1   C3   O   
 <PCLR 11>:  C10  O3   C9   O2  
 <PCLR 12>:  C4   O1   C3   O   
 <PCLR 12>:  C10  O3   C9   O2  
 <PCLR 13>:  C4   O1   C3   O   
 <PCLR 13>:  C10  O3   C9   O2  
 <PTM 14>:  O5   O2   C3   O1  
 <PTM 14>:  O6   O3   C7   O4  
 <PTM 15>:  O5   O2   C3   O1  
 <PTM 15>:  O6   O3   C7   O4  
 <TPT 16>:  C4   O3   C5   O1  
 <TPT 16>:  C10  O4   C11  O2  
 total 32 improper torsions applied
 32 improper torsions in old prep form
Building H-Bond parameters.
Incorporating Non-Bonded adjustments.
Not Marking per-residue atom chain types.
Marking per-residue atom chain types.
 (no restraints)
	Quit
