            --------------------------------------------------------
                             AMBER SQM VERSION 19
 
                                     By
              Ross C. Walker, Michael F. Crowley, Scott Brozell,
                         Tim Giese, Andreas W. Goetz,
                        Tai-Sung Lee and David A. Case
 
            --------------------------------------------------------
 

--------------------------------------------------------------------------------
  QM CALCULATION INFO
--------------------------------------------------------------------------------

| QMMM: Citation for AMBER QMMM Run:
| QMMM: R.C. Walker, M.F. Crowley and D.A. Case, J. COMP. CHEM. 29:1019, 2008

QMMM: SINGLET STATE CALCULATION
QMMM: RHF CALCULATION, NO. OF DOUBLY OCCUPIED LEVELS = 59

| QMMM: *** Selected Hamiltonian *** 
| QMMM: AM1         

| QMMM: *** Parameter sets in use ***
| QMMM: C : M.J.S.DEWAR et al. JACS, 107, 3902, (1985)
| QMMM: O : M.J.S.DEWAR et al. JACS, 107, 3902, (1985)
| QMMM: H : M.J.S.DEWAR et al. JACS, 107, 3902, (1985)

| QMMM: *** SCF convergence criteria ***
| QMMM: Energy change                :  0.1D-09 kcal/mol
| QMMM: Error matrix |FP-PF|         :  0.1D+00 au
| QMMM: Density matrix change        :  0.5D-06
| QMMM: Maximum number of SCF cycles :     1000

| QMMM: *** Diagonalization Routine Information ***
| QMMM: Pseudo diagonalizations are allowed.
| QMMM: Auto diagonalization routine selection is in use.
| QMMM:
| QMMM: Timing diagonalization routines:
| QMMM:                              norbs =      108
| QMMM:    diag iterations used for timing =       10
| QMMM:
| QMMM:              Internal diag routine = 0.021567 seconds
| QMMM:                 Dspev diag routine = 0.026180 seconds
| QMMM:                Dspevd diag routine = 0.019172 seconds
| QMMM:                Dspevx diag routine = 0.083550 seconds
| QMMM:                 Dsyev diag routine = 0.027889 seconds
| QMMM:                Dsyevd diag routine = 0.021362 seconds
| QMMM:                Dsyevr diag routine = 0.022831 seconds
| QMMM:
| QMMM:                Pseudo diag routine = 0.009287 seconds
| QMMM:
| QMMM: Using dspevd routine (diag_routine=3).

  QMMM: QM Region Cartesian Coordinates (*=link atom) 
  QMMM: QM_NO.   MM_NO.  ATOM         X         Y         Z
  QMMM:     1        1      C       10.4760   -0.1290   -0.0000
  QMMM:     2        2      C        9.0980    0.5570    0.0000
  QMMM:     3        3      C        7.9630   -0.4820    0.0000
  QMMM:     4        4      O        6.6960    0.2190    0.0000
  QMMM:     5        5      C        5.5570   -0.5070   -0.0000
  QMMM:     6        6      O        5.5170   -1.7230   -0.0000
  QMMM:     7        7      C        4.3300    0.3860   -0.0000
  QMMM:     8        8      C        3.0060   -0.4100   -0.0000
  QMMM:     9        9      C        1.7850    0.5340   -0.0000
  QMMM:    10       10      C        0.4590   -0.2570   -0.0000
  QMMM:    11       11      C       -0.7450    0.7010    0.0000
  QMMM:    12       12      O       -1.9670   -0.0760    0.0000
  QMMM:    13       13      C       -3.1440    0.5870    0.0000
  QMMM:    14       14      O       -3.2470    1.8000    0.0000
  QMMM:    15       15      C       -4.3270   -0.3640    0.0000
  QMMM:    16       16      C       -5.6830    0.3770   -0.0000
  QMMM:    17       17      C       -6.8750   -0.6050   -0.0000
  QMMM:    18       18      C       -8.2160    0.1590    0.0000
  QMMM:    19       19      C       -9.4120   -0.8100    0.0000
  QMMM:    20       20      O      -10.6270   -0.0600   -0.0000
  QMMM:    21       21      H       11.2710    0.6200   -0.0000
  QMMM:    22       22      H       10.5940   -0.7560    0.8870
  QMMM:    23       23      H       10.5940   -0.7560   -0.8870
  QMMM:    24       24      H        9.0100    1.1960    0.8820
  QMMM:    25       25      H        9.0100    1.1960   -0.8820
  QMMM:    26       26      H        8.0240   -1.1100   -0.8940
  QMMM:    27       27      H        8.0240   -1.1100    0.8940
  QMMM:    28       28      H        4.3710    1.0340    0.8790
  QMMM:    29       29      H        4.3710    1.0340   -0.8790
  QMMM:    30       30      H        2.9690   -1.0540   -0.8820
  QMMM:    31       31      H        2.9690   -1.0540    0.8820
  QMMM:    32       32      H        1.8230    1.1780    0.8820
  QMMM:    33       33      H        1.8230    1.1780   -0.8820
  QMMM:    34       34      H        0.4120   -0.9000   -0.8820
  QMMM:    35       35      H        0.4120   -0.9000    0.8820
  QMMM:    36       36      H       -0.7250    1.3330    0.8930
  QMMM:    37       37      H       -0.7250    1.3330   -0.8930
  QMMM:    38       38      H       -4.2580   -1.0100   -0.8790
  QMMM:    39       39      H       -4.2580   -1.0100    0.8790
  QMMM:    40       40      H       -5.7430    1.0200    0.8820
  QMMM:    41       41      H       -5.7430    1.0200   -0.8820
  QMMM:    42       42      H       -6.8200   -1.2470   -0.8830
  QMMM:    43       43      H       -6.8200   -1.2470    0.8830
  QMMM:    44       44      H       -8.2710    0.8030    0.8820
  QMMM:    45       45      H       -8.2710    0.8030   -0.8820
  QMMM:    46       46      H       -9.3760   -1.4440   -0.8910
  QMMM:    47       47      H       -9.3760   -1.4440    0.8910
  QMMM:    48       48      H      -11.3770   -0.6820   -0.0000

--------------------------------------------------------------------------------
  RESULTS
--------------------------------------------------------------------------------

      iter         sqm energy              rms gradient
      ----    -------------------    -----------------------
xmin    10     -291.9176 kcal/mol        0.0529 kcal/(mol*A)
xmin    20     -291.9342 kcal/mol        0.0124 kcal/(mol*A)
xmin    30     -291.9345 kcal/mol        0.0021 kcal/(mol*A)
  ... geometry converged !
 
 Final MO eigenvalues (eV):
 -40.9325  -40.8495  -38.5755  -37.8486  -37.3145  -36.4515  -36.2122  -34.5964
 -33.1453  -32.3966  -29.0087  -27.7981  -26.8041  -24.2461  -23.2244  -22.2716
 -22.1457  -21.9832  -21.2648  -21.1812  -18.5673  -18.3363  -18.0994  -17.8088
 -17.5770  -17.0566  -17.0301  -16.9450  -16.5317  -15.8524  -15.4263  -15.3663
 -14.9987  -14.8516  -14.6600  -14.2566  -13.9554  -13.9023  -13.5196  -13.4756
 -13.3597  -13.1000  -13.0870  -12.9225  -12.6778  -12.4378  -12.2940  -12.2614
 -12.2101  -12.1041  -12.0778  -11.9581  -11.6197  -11.5404  -11.3552  -11.2659
 -11.2235  -11.2066  -10.9552    1.1150    1.1349    1.8165    1.9903    3.2499
   3.3642    3.4067    3.4145    3.4709    3.6524    3.6542    3.6841    3.7193
   3.8259    3.8492    3.9286    3.9673    4.0325    4.0427    4.0545    4.0705
   4.1301    4.1693    4.1765    4.2889    4.3184    4.3650    4.4562    4.4717
   4.5462    4.5519    4.5688    4.5980    4.6403    4.7209    4.7745    4.7883
   4.8432    4.8822    4.9147    4.9551    4.9702    4.9893    5.0590    5.4985
   5.5412    6.1937    6.7622    6.7895

 Heat of formation   =       -291.93454747 kcal/mol  (      -12.65923193 eV)

 Total SCF energy    =     -90210.55016790 kcal/mol  (    -3911.82299848 eV)
 Electronic energy   =    -543077.62308600 kcal/mol  (   -23549.61289996 eV)
 Core-core repulsion =     452867.07291810 kcal/mol  (    19637.78990148 eV)
 
    Atomic Charges for Step       1 :
  Atom    Element       Mulliken Charge
     1      C                 -0.211
     2      C                 -0.165
     3      C                 -0.011
     4      O                 -0.285
     5      C                  0.302
     6      O                 -0.353
     7      C                 -0.157
     8      C                 -0.157
     9      C                 -0.157
    10      C                 -0.164
    11      C                 -0.010
    12      O                 -0.285
    13      C                  0.302
    14      O                 -0.352
    15      C                 -0.156
    16      C                 -0.157
    17      C                 -0.157
    18      C                 -0.163
    19      C                 -0.018
    20      O                 -0.328
    21      H                  0.079
    22      H                  0.076
    23      H                  0.076
    24      H                  0.093
    25      H                  0.093
    26      H                  0.091
    27      H                  0.091
    28      H                  0.119
    29      H                  0.119
    30      H                  0.099
    31      H                  0.099
    32      H                  0.083
    33      H                  0.083
    34      H                  0.097
    35      H                  0.097
    36      H                  0.091
    37      H                  0.091
    38      H                  0.118
    39      H                  0.118
    40      H                  0.100
    41      H                  0.100
    42      H                  0.079
    43      H                  0.079
    44      H                  0.098
    45      H                  0.098
    46      H                  0.059
    47      H                  0.059
    48      H                  0.198
 Total Mulliken Charge =       0.000
 
                  X        Y        Z     TOTAL  
  QM DIPOLE     0.480   -1.472   -0.000    1.549
 
 Final Structure

  QMMM: QM Region Cartesian Coordinates (*=link atom) 
  QMMM: QM_NO.   MM_NO.  ATOM         X         Y         Z
  QMMM:     1        1      C       10.2783   -0.2541   -0.0002
  QMMM:     2        2      C        8.9585    0.4717    0.0001
  QMMM:     3        3      C        7.8105   -0.5202   -0.0002
  QMMM:     4        4      O        6.6054    0.2645    0.0000
  QMMM:     5        5      C        5.4252   -0.4277   -0.0001
  QMMM:     6        6      O        5.4700   -1.6594   -0.0003
  QMMM:     7        7      C        4.2345    0.4790    0.0001
  QMMM:     8        8      C        2.9434   -0.3106   -0.0002
  QMMM:     9        9      C        1.7475    0.6169    0.0002
  QMMM:    10       10      C        0.4559   -0.1715   -0.0002
  QMMM:    11       11      C       -0.7311    0.7730    0.0004
  QMMM:    12       12      O       -1.9021   -0.0609    0.0000
  QMMM:    13       13      C       -3.1105    0.5828    0.0007
  QMMM:    14       14      O       -3.1140    1.8150    0.0014
  QMMM:    15       15      C       -4.2621   -0.3729    0.0004
  QMMM:    16       16      C       -5.5858    0.3607   -0.0001
  QMMM:    17       17      C       -6.7407   -0.6175   -0.0000
  QMMM:    18       18      C       -8.0654    0.1123   -0.0004
  QMMM:    19       19      C       -9.2185   -0.8767   -0.0002
  QMMM:    20       20      O      -10.4169   -0.1170   -0.0004
  QMMM:    21       21      H       11.1191    0.4809    0.0001
  QMMM:    22       22      H       10.3747   -0.9014    0.9050
  QMMM:    23       23      H       10.3747   -0.9008   -0.9058
  QMMM:    24       24      H        8.8782    1.1322    0.9027
  QMMM:    25       25      H        8.8781    1.1328   -0.9020
  QMMM:    26       26      H        7.8196   -1.1697   -0.9137
  QMMM:    27       27      H        7.8196   -1.1702    0.9130
  QMMM:    28       28      H        4.2934    1.1402    0.9056
  QMMM:    29       29      H        4.2935    1.1408   -0.9050
  QMMM:    30       30      H        2.9124   -0.9781   -0.9017
  QMMM:    31       31      H        2.9123   -0.9788    0.9007
  QMMM:    32       32      H        1.7842    1.2813    0.9038
  QMMM:    33       33      H        1.7842    1.2821   -0.9029
  QMMM:    34       34      H        0.4066   -0.8346   -0.9029
  QMMM:    35       35      H        0.4067   -0.8355    0.9019
  QMMM:    36       36      H       -0.7489    1.4223    0.9141
  QMMM:    37       37      H       -0.7490    1.4231   -0.9127
  QMMM:    38       38      H       -4.1747   -1.0313   -0.9049
  QMMM:    39       39      H       -4.1752   -1.0311    0.9058
  QMMM:    40       40      H       -5.6462    1.0268    0.9008
  QMMM:    41       41      H       -5.6458    1.0263   -0.9015
  QMMM:    42       42      H       -6.6740   -1.2803   -0.9031
  QMMM:    43       43      H       -6.6743   -1.2799    0.9034
  QMMM:    44       44      H       -8.1455    0.7736    0.9014
  QMMM:    45       45      H       -8.1453    0.7730   -0.9027
  QMMM:    46       46      H       -9.1794   -1.5303   -0.9131
  QMMM:    47       47      H       -9.1795   -1.5298    0.9130
  QMMM:    48       48      H      -11.1437   -0.7500   -0.0004

           --------- Calculation Completed ----------

