            --------------------------------------------------------
                             AMBER SQM VERSION 19
 
                                     By
              Ross C. Walker, Michael F. Crowley, Scott Brozell,
                         Tim Giese, Andreas W. Goetz,
                        Tai-Sung Lee and David A. Case
 
            --------------------------------------------------------
 

--------------------------------------------------------------------------------
  QM CALCULATION INFO
--------------------------------------------------------------------------------

| QMMM: Citation for AMBER QMMM Run:
| QMMM: R.C. Walker, M.F. Crowley and D.A. Case, J. COMP. CHEM. 29:1019, 2008

QMMM: SINGLET STATE CALCULATION
QMMM: RHF CALCULATION, NO. OF DOUBLY OCCUPIED LEVELS = 91

| QMMM: *** Selected Hamiltonian *** 
| QMMM: AM1         

| QMMM: *** Parameter sets in use ***
| QMMM: C : M.J.S.DEWAR et al. JACS, 107, 3902, (1985)
| QMMM: O : M.J.S.DEWAR et al. JACS, 107, 3902, (1985)
| QMMM: H : M.J.S.DEWAR et al. JACS, 107, 3902, (1985)

| QMMM: *** SCF convergence criteria ***
| QMMM: Energy change                :  0.1D-09 kcal/mol
| QMMM: Error matrix |FP-PF|         :  0.1D+00 au
| QMMM: Density matrix change        :  0.5D-06
| QMMM: Maximum number of SCF cycles :     1000

| QMMM: *** Diagonalization Routine Information ***
| QMMM: Pseudo diagonalizations are allowed.
| QMMM: Auto diagonalization routine selection is in use.
| QMMM:
| QMMM: Timing diagonalization routines:
| QMMM:                              norbs =      162
| QMMM:    diag iterations used for timing =        5
| QMMM:
| QMMM:              Internal diag routine = 0.040250 seconds
| QMMM:                 Dspev diag routine = 0.047399 seconds
| QMMM:                Dspevd diag routine = 0.037552 seconds
| QMMM:                Dspevx diag routine = 0.130571 seconds
| QMMM:                 Dsyev diag routine = 0.049872 seconds
| QMMM:                Dsyevd diag routine = 0.041209 seconds
| QMMM:                Dsyevr diag routine = 0.037849 seconds
| QMMM:
| QMMM:                Pseudo diag routine = 0.018159 seconds
| QMMM:
| QMMM: Using dspevd routine (diag_routine=3).

  QMMM: QM Region Cartesian Coordinates (*=link atom) 
  QMMM: QM_NO.   MM_NO.  ATOM         X         Y         Z
  QMMM:     1        1      C        0.8350    0.0180    0.0240
  QMMM:     2        2      O        2.2560    0.0120    0.0080
  QMMM:     3        3      C        2.7590   -0.3660   -1.2730
  QMMM:     4        4      C        4.2820   -0.3580   -1.2420
  QMMM:     5        5      O        4.7760   -0.7360   -2.5260
  QMMM:     6        6      C        6.2020   -0.7430   -2.5500
  QMMM:     7        7      C        6.6770   -1.1510   -3.9370
  QMMM:     8        8      O        8.1030   -1.1550   -3.9580
  QMMM:     9        9      C        8.5990   -1.5320   -5.2400
  QMMM:    10       10      C       10.1200   -1.5200   -5.2100
  QMMM:    11       11      O       10.6100   -1.8940   -6.4960
  QMMM:    12       12      C       12.0360   -1.8860   -6.5280
  QMMM:    13       13      C       12.5000   -2.2810   -7.9230
  QMMM:    14       14      O       13.9200   -2.2110   -7.9770
  QMMM:    15       15      C       14.4230   -2.6790   -9.2320
  QMMM:    16       16      C       15.9470   -2.6620   -9.1910
  QMMM:    17       17      O       16.3970   -3.6580   -8.2670
  QMMM:    18       18      C       17.8120   -3.6390   -8.1230
  QMMM:    19       19      C       18.2150   -4.6350   -7.0440
  QMMM:    20       20      O       19.6380   -4.6600   -6.9460
  QMMM:    21       21      C       20.0710   -5.5850   -5.9530
  QMMM:    22       22      C       21.5920   -5.5760   -5.9020
  QMMM:    23       23      O       22.0320   -6.5030   -4.9120
  QMMM:    24       24      C       23.4550   -6.5300   -4.8260
  QMMM:    25       25      C       23.8700   -7.5310   -3.7570
  QMMM:    26       26      O       25.2920   -7.5590   -3.6680
  QMMM:    27       27      C       25.7310   -8.4850   -2.6760
  QMMM:    28       28      C       27.2530   -8.4750   -2.6230
  QMMM:    29       29      O       27.7000   -9.4010   -1.6340
  QMMM:    30       30      C       29.1180   -9.4230   -1.5500
  QMMM:    31       31      H        0.5040    0.3120    1.0230
  QMMM:    32       32      H        0.4460   -0.9820   -0.1940
  QMMM:    33       33      H        0.4470    0.7400   -0.7010
  QMMM:    34       34      H        2.4000    0.3310   -2.0400
  QMMM:    35       35      H        2.3990   -1.3680   -1.5380
  QMMM:    36       36      H        4.6430   -1.0560   -0.4780
  QMMM:    37       37      H        4.6440    0.6440   -0.9790
  QMMM:    38       38      H        6.5890   -1.4470   -1.8030
  QMMM:    39       39      H        6.5880    0.2530   -2.3030
  QMMM:    40       40      H        6.2910   -0.4480   -4.6850
  QMMM:    41       41      H        6.2930   -2.1480   -4.1840
  QMMM:    42       42      H        8.2370   -0.8340   -6.0050
  QMMM:    43       43      H        8.2400   -2.5340   -5.5050
  QMMM:    44       44      H       10.4850   -2.2190   -4.4480
  QMMM:    45       45      H       10.4790   -0.5180   -4.9460
  QMMM:    46       46      H       12.4350   -2.5920   -5.7890
  QMMM:    47       47      H       12.4150   -0.8890   -6.2760
  QMMM:    48       48      H       12.0650   -1.6070   -8.6710
  QMMM:    49       49      H       12.1560   -3.2970   -8.1500
  QMMM:    50       50      H       14.0640   -2.0170  -10.0280
  QMMM:    51       51      H       14.0640   -3.6990   -9.4090
  QMMM:    52       52      H       16.3020   -1.6790   -8.8640
  QMMM:    53       53      H       16.3500   -2.8910  -10.1830
  QMMM:    54       54      H       18.1570   -2.6360   -7.8440
  QMMM:    55       55      H       18.2860   -3.9040   -9.0750
  QMMM:    56       56      H       17.8360   -5.6330   -7.2950
  QMMM:    57       57      H       17.7760   -4.3410   -6.0830
  QMMM:    58       58      H       19.7120   -6.5930   -6.1920
  QMMM:    59       59      H       19.6630   -5.3070   -4.9730
  QMMM:    60       60      H       21.9500   -4.5680   -5.6610
  QMMM:    61       61      H       21.9980   -5.8500   -6.8830
  QMMM:    62       62      H       23.8370   -5.5340   -4.5730
  QMMM:    63       63      H       23.8860   -6.8180   -5.7930
  QMMM:    64       64      H       23.4880   -8.5270   -4.0130
  QMMM:    65       65      H       23.4360   -7.2440   -2.7920
  QMMM:    66       66      H       25.3730   -9.4930   -2.9180
  QMMM:    67       67      H       25.3220   -8.2100   -1.6960
  QMMM:    68       68      H       27.6080   -7.4660   -2.3830
  QMMM:    69       69      H       27.6590   -8.7470   -3.6050
  QMMM:    70       70      H       29.4070  -10.1450   -0.7820
  QMMM:    71       71      H       29.5010   -8.4380   -1.2670
  QMMM:    72       72      H       29.5530   -9.7360   -2.5050

--------------------------------------------------------------------------------
  RESULTS
--------------------------------------------------------------------------------

      iter         sqm energy              rms gradient
      ----    -------------------    -----------------------
xmin    10     -469.0316 kcal/mol        0.1471 kcal/(mol*A)
xmin    20     -469.1428 kcal/mol        0.1980 kcal/(mol*A)
xmin    30     -469.1996 kcal/mol        0.0871 kcal/(mol*A)
xmin    40     -469.2725 kcal/mol        0.1134 kcal/(mol*A)
xmin    50     -469.2943 kcal/mol        0.0859 kcal/(mol*A)
xmin    60     -469.3144 kcal/mol        0.0412 kcal/(mol*A)
xmin    70     -469.3209 kcal/mol        0.0315 kcal/(mol*A)
xmin    80     -469.3292 kcal/mol        0.0248 kcal/(mol*A)
xmin    90     -469.1905 kcal/mol        0.6583 kcal/(mol*A)
xmin   100     -469.3420 kcal/mol        0.0386 kcal/(mol*A)
xmin   110     -469.3446 kcal/mol        0.0497 kcal/(mol*A)
xmin   120     -469.3492 kcal/mol        0.0254 kcal/(mol*A)
xmin   130     -469.3527 kcal/mol        0.0237 kcal/(mol*A)
xmin   140     -469.3645 kcal/mol        0.0465 kcal/(mol*A)
xmin   150     -469.3685 kcal/mol        0.0208 kcal/(mol*A)
xmin   160     -469.3748 kcal/mol        0.0107 kcal/(mol*A)
xmin   170     -469.3759 kcal/mol        0.0110 kcal/(mol*A)
xmin   180     -469.3767 kcal/mol        0.0107 kcal/(mol*A)
xmin   190     -469.3787 kcal/mol        0.0124 kcal/(mol*A)
xmin   200     -469.3816 kcal/mol        0.0245 kcal/(mol*A)
xmin   210     -469.3834 kcal/mol        0.0087 kcal/(mol*A)
xmin   220     -469.3841 kcal/mol        0.0049 kcal/(mol*A)
xmin   230     -469.3854 kcal/mol        0.0135 kcal/(mol*A)
xmin   240     -469.3874 kcal/mol        0.0274 kcal/(mol*A)
xmin   250     -469.3897 kcal/mol        0.0104 kcal/(mol*A)
xmin   260     -469.3911 kcal/mol        0.0131 kcal/(mol*A)
xmin   270     -469.3926 kcal/mol        0.0202 kcal/(mol*A)
xmin   280     -469.3938 kcal/mol        0.0088 kcal/(mol*A)
xmin   290     -469.3952 kcal/mol        0.0118 kcal/(mol*A)
xmin   300     -469.3967 kcal/mol        0.0027 kcal/(mol*A)
xmin   310     -469.3968 kcal/mol        0.0036 kcal/(mol*A)
xmin   320     -469.3969 kcal/mol        0.0017 kcal/(mol*A)
xmin   330     -469.3970 kcal/mol        0.0039 kcal/(mol*A)
xmin   340     -469.3972 kcal/mol        0.0031 kcal/(mol*A)
xmin   350     -469.3974 kcal/mol        0.0029 kcal/(mol*A)
xmin   360     -469.3976 kcal/mol        0.0051 kcal/(mol*A)
xmin   370     -469.3977 kcal/mol        0.0023 kcal/(mol*A)
xmin   380     -469.3979 kcal/mol        0.0048 kcal/(mol*A)
xmin   390     -469.3982 kcal/mol        0.0049 kcal/(mol*A)
xmin   400     -469.3986 kcal/mol        0.0047 kcal/(mol*A)
xmin   410     -469.3987 kcal/mol        0.0022 kcal/(mol*A)
xmin   420     -469.3988 kcal/mol        0.0025 kcal/(mol*A)
xmin   430     -469.3988 kcal/mol        0.0029 kcal/(mol*A)
xmin   440     -469.3989 kcal/mol        0.0017 kcal/(mol*A)
xmin   450     -469.3990 kcal/mol        0.0021 kcal/(mol*A)
xmin   460     -469.3991 kcal/mol        0.0008 kcal/(mol*A)
xmin   470     -469.3991 kcal/mol        0.0088 kcal/(mol*A)
xmin   480     -469.3992 kcal/mol        0.0010 kcal/(mol*A)
xmin   490     -469.3992 kcal/mol        0.0011 kcal/(mol*A)
xmin   500     -469.3993 kcal/mol        0.0018 kcal/(mol*A)
xmin   510     -469.3993 kcal/mol        0.0009 kcal/(mol*A)
xmin   520     -469.3993 kcal/mol        0.0023 kcal/(mol*A)
xmin   530     -469.3994 kcal/mol        0.0015 kcal/(mol*A)
xmin   540     -469.3995 kcal/mol        0.0011 kcal/(mol*A)
xmin   550     -469.3995 kcal/mol        0.0010 kcal/(mol*A)
  ... geometry converged !
 
 Final MO eigenvalues (eV):
 -39.9525  -39.8436  -39.6930  -39.4607  -39.2218  -38.9011  -38.6116  -38.2732
 -38.0546  -37.8411  -32.8432  -32.4746  -31.9550  -31.2771  -30.5827  -29.7835
 -29.0781  -28.3330  -27.8501  -26.6646  -26.6601  -23.8405  -23.7737  -23.6343
 -23.4897  -23.3230  -23.1819  -23.0879  -23.0812  -23.0615  -18.5235  -18.5092
 -18.1848  -18.1189  -17.8944  -17.8910  -17.6449  -17.5400  -17.3963  -17.3039
 -16.9620  -16.9250  -16.9004  -16.7408  -16.5332  -16.4926  -16.3925  -16.1826
 -16.0999  -15.9379  -15.7440  -15.6927  -15.4893  -15.4661  -15.3964  -14.8760
 -14.4920  -14.3863  -14.3526  -13.9795  -13.8514  -13.7310  -13.6801  -13.5803
 -13.0923  -12.9500  -12.5612  -12.5604  -12.4935  -12.4269  -12.3379  -12.2627
 -12.2459  -12.2219  -12.1757  -12.1504  -12.1351  -12.0912  -12.0867  -12.0314
 -11.9935  -10.8339  -10.8226  -10.7372  -10.7174  -10.6380  -10.6208  -10.5599
 -10.5486  -10.5268  -10.5242    1.8367    1.9196    2.2944    2.4789    2.9335
   3.1100    3.5558    3.6124    3.7579    3.7585    3.7896    3.7909    3.8211
   3.8223    3.8447    3.8459    3.8567    3.8818    3.9076    3.9125    3.9537
   3.9892    4.0004    4.0190    4.0249    4.0564    4.0775    4.0918    4.1020
   4.1120    4.1281    4.1346    4.1494    4.1564    4.1574    4.1610    4.1847
   4.1917    4.2127    4.2349    4.2349    4.2937    4.3465    4.3904    4.4344
   4.4462    4.4563    4.4826    4.4947    4.5313    4.5523    4.5835    4.5971
   4.6084    4.6095    4.6718    4.6743    4.7325    4.7343    4.7639    4.7643
   5.9968    6.0039    6.0422    6.0476    6.0527    6.0567    6.0664    6.0851
   6.1227    6.1228

 Heat of formation   =       -469.39952305 kcal/mol  (      -20.35469074 eV)

 Total SCF energy    =    -146327.59046691 kcal/mol  (    -6345.24046949 eV)
 Electronic energy   =    -970410.21845121 kcal/mol  (   -42080.14476611 eV)
 Core-core repulsion =     824082.62798430 kcal/mol  (    35734.90429662 eV)
 
    Atomic Charges for Step       1 :
  Atom    Element       Mulliken Charge
     1      C                 -0.071
     2      O                 -0.281
     3      C                 -0.026
     4      C                 -0.020
     5      O                 -0.287
     6      C                 -0.020
     7      C                 -0.021
     8      O                 -0.286
     9      C                 -0.020
    10      C                 -0.020
    11      O                 -0.287
    12      C                 -0.020
    13      C                 -0.022
    14      O                 -0.286
    15      C                 -0.022
    16      C                 -0.022
    17      O                 -0.286
    18      C                 -0.022
    19      C                 -0.020
    20      O                 -0.287
    21      C                 -0.020
    22      C                 -0.021
    23      O                 -0.286
    24      C                 -0.021
    25      C                 -0.020
    26      O                 -0.287
    27      C                 -0.020
    28      C                 -0.026
    29      O                 -0.281
    30      C                 -0.071
    31      H                  0.099
    32      H                  0.061
    33      H                  0.061
    34      H                  0.079
    35      H                  0.080
    36      H                  0.082
    37      H                  0.082
    38      H                  0.082
    39      H                  0.082
    40      H                  0.081
    41      H                  0.082
    42      H                  0.081
    43      H                  0.082
    44      H                  0.082
    45      H                  0.082
    46      H                  0.082
    47      H                  0.081
    48      H                  0.079
    49      H                  0.082
    50      H                  0.074
    51      H                  0.095
    52      H                  0.095
    53      H                  0.074
    54      H                  0.082
    55      H                  0.079
    56      H                  0.081
    57      H                  0.082
    58      H                  0.082
    59      H                  0.082
    60      H                  0.082
    61      H                  0.081
    62      H                  0.082
    63      H                  0.081
    64      H                  0.082
    65      H                  0.082
    66      H                  0.082
    67      H                  0.082
    68      H                  0.079
    69      H                  0.080
    70      H                  0.099
    71      H                  0.061
    72      H                  0.061
 Total Mulliken Charge =      -0.000
 
                  X        Y        Z     TOTAL  
  QM DIPOLE     0.021    0.211   -0.872    0.898
 
 Final Structure

  QMMM: QM Region Cartesian Coordinates (*=link atom) 
  QMMM: QM_NO.   MM_NO.  ATOM         X         Y         Z
  QMMM:     1        1      C        0.0977    0.4588   -0.8346
  QMMM:     2        2      O        1.4881    0.7259   -0.8997
  QMMM:     3        3      C        2.1454   -0.0622   -1.8901
  QMMM:     4        4      C        3.6159    0.3398   -1.8315
  QMMM:     5        5      O        4.2712   -0.4478   -2.8240
  QMMM:     6        6      C        5.6694   -0.1722   -2.8788
  QMMM:     7        7      C        6.2256   -1.0806   -3.9716
  QMMM:     8        8      O        7.6248   -0.8087   -4.0229
  QMMM:     9        9      C        8.2807   -1.5991   -5.0124
  QMMM:    10       10      C        9.7532   -1.2040   -4.9452
  QMMM:    11       11      O       10.4086   -1.9918   -5.9371
  QMMM:    12       12      C       11.8091   -1.7250   -5.9832
  QMMM:    13       13      C       12.3677   -2.6417   -7.0677
  QMMM:    14       14      O       13.7532   -2.3214   -7.1676
  QMMM:    15       15      C       14.4136   -3.1060   -8.1595
  QMMM:    16       16      C       15.8995   -2.7813   -8.0452
  QMMM:    17       17      O       16.5221   -3.9382   -7.4888
  QMMM:    18       18      C       17.8979   -3.7135   -7.1905
  QMMM:    19       19      C       18.4162   -5.0290   -6.6166
  QMMM:    20       20      O       19.8100   -4.8276   -6.3896
  QMMM:    21       21      C       20.4279   -5.9871   -5.8349
  QMMM:    22       22      C       21.8972   -5.6205   -5.6469
  QMMM:    23       23      O       22.5160   -6.7813   -5.0958
  QMMM:    24       24      C       23.9081   -6.5773   -4.8615
  QMMM:    25       25      C       24.4240   -7.8892   -4.2774
  QMMM:    26       26      O       25.8148   -7.6833   -4.0383
  QMMM:    27       27      C       26.4332   -8.8431   -3.4840
  QMMM:    28       28      C       27.8999   -8.4737   -3.2848
  QMMM:    29       29      O       28.5205   -9.6332   -2.7331
  QMMM:    30       30      C       29.9032   -9.4395   -2.4895
  QMMM:    31       31      H       -0.2781    1.1376   -0.0289
  QMMM:    32       32      H       -0.0865   -0.6106   -0.5651
  QMMM:    33       33      H       -0.3956    0.6956   -1.8097
  QMMM:    34       34      H        1.7145    0.1535   -2.9024
  QMMM:    35       35      H        2.0220   -1.1524   -1.6593
  QMMM:    36       36      H        4.0474    0.1223   -0.8198
  QMMM:    37       37      H        3.7393    1.4303   -2.0614
  QMMM:    38       38      H        6.1470   -0.4010   -1.8906
  QMMM:    39       39      H        5.8403    0.9064   -3.1332
  QMMM:    40       40      H        5.7513   -0.8490   -4.9608
  QMMM:    41       41      H        6.0510   -2.1589   -3.7192
  QMMM:    42       42      H        7.8557   -1.3785   -6.0262
  QMMM:    43       43      H        8.1508   -2.6892   -4.7842
  QMMM:    44       44      H       10.1786   -1.4269   -3.9320
  QMMM:    45       45      H        9.8829   -0.1135   -5.1710
  QMMM:    46       46      H       12.2784   -1.9517   -4.9906
  QMMM:    47       47      H       11.9876   -0.6486   -6.2417
  QMMM:    48       48      H       11.8568   -2.4537   -8.0481
  QMMM:    49       49      H       12.2394   -3.7184   -6.7825
  QMMM:    50       50      H       14.0259   -2.8201   -9.1726
  QMMM:    51       51      H       14.2285   -4.1981   -7.9784
  QMMM:    52       52      H       16.0639   -1.8929   -7.3794
  QMMM:    53       53      H       16.3366   -2.5800   -9.0586
  QMMM:    54       54      H       18.0009   -2.8855   -6.4417
  QMMM:    55       55      H       18.4555   -3.4411   -8.1245
  QMMM:    56       56      H       18.2620   -5.8683   -7.3440
  QMMM:    57       57      H       17.8991   -5.2730   -5.6523
  QMMM:    58       58      H       20.3212   -6.8544   -6.5375
  QMMM:    59       59      H       19.9537   -6.2446   -4.8521
  QMMM:    60       60      H       22.0039   -4.7548   -4.9424
  QMMM:    61       61      H       22.3711   -5.3606   -6.6293
  QMMM:    62       62      H       24.0580   -5.7338   -4.1382
  QMMM:    63       63      H       24.4302   -6.3381   -5.8245
  QMMM:    64       64      H       24.2778   -8.7320   -5.0023
  QMMM:    65       65      H       23.8988   -8.1303   -3.3166
  QMMM:    66       66      H       26.3335   -9.7080   -4.1905
  QMMM:    67       67      H       25.9530   -9.1056   -2.5054
  QMMM:    68       68      H       27.9995   -7.6098   -2.5772
  QMMM:    69       69      H       28.3793   -8.2087   -4.2631
  QMMM:    70       70      H       30.2497  -10.4147   -2.0652
  QMMM:    71       71      H       30.0622   -8.6123   -1.7542
  QMMM:    72       72      H       30.4433   -9.2110   -3.4415

           --------- Calculation Completed ----------

