            --------------------------------------------------------
                             AMBER SQM VERSION 19
 
                                     By
              Ross C. Walker, Michael F. Crowley, Scott Brozell,
                         Tim Giese, Andreas W. Goetz,
                        Tai-Sung Lee and David A. Case
 
            --------------------------------------------------------
 

--------------------------------------------------------------------------------
  QM CALCULATION INFO
--------------------------------------------------------------------------------

| QMMM: Citation for AMBER QMMM Run:
| QMMM: R.C. Walker, M.F. Crowley and D.A. Case, J. COMP. CHEM. 29:1019, 2008

QMMM: SINGLET STATE CALCULATION
QMMM: RHF CALCULATION, NO. OF DOUBLY OCCUPIED LEVELS = 91

| QMMM: *** Selected Hamiltonian *** 
| QMMM: AM1         

| QMMM: *** Parameter sets in use ***
| QMMM: C : M.J.S.DEWAR et al. JACS, 107, 3902, (1985)
| QMMM: O : M.J.S.DEWAR et al. JACS, 107, 3902, (1985)
| QMMM: H : M.J.S.DEWAR et al. JACS, 107, 3902, (1985)

| QMMM: *** SCF convergence criteria ***
| QMMM: Energy change                :  0.1D-09 kcal/mol
| QMMM: Error matrix |FP-PF|         :  0.1D+00 au
| QMMM: Density matrix change        :  0.5D-06
| QMMM: Maximum number of SCF cycles :     1000

| QMMM: *** Diagonalization Routine Information ***
| QMMM: Pseudo diagonalizations are allowed.
| QMMM: Auto diagonalization routine selection is in use.
| QMMM:
| QMMM: Timing diagonalization routines:
| QMMM:                              norbs =      162
| QMMM:    diag iterations used for timing =        5
| QMMM:
| QMMM:              Internal diag routine = 0.073664 seconds
| QMMM:                 Dspev diag routine = 0.058660 seconds
| QMMM:                Dspevd diag routine = 0.032128 seconds
| QMMM:                Dspevx diag routine = 0.137944 seconds
| QMMM:                 Dsyev diag routine = 0.049902 seconds
| QMMM:                Dsyevd diag routine = 0.038137 seconds
| QMMM:                Dsyevr diag routine = 0.035059 seconds
| QMMM:
| QMMM:                Pseudo diag routine = 0.019840 seconds
| QMMM:
| QMMM: Using dspevd routine (diag_routine=3).

  QMMM: QM Region Cartesian Coordinates (*=link atom) 
  QMMM: QM_NO.   MM_NO.  ATOM         X         Y         Z
  QMMM:     1        1      C        0.8350    0.0180    0.0240
  QMMM:     2        2      O        2.2560    0.0120    0.0080
  QMMM:     3        3      C        2.7590   -0.3660   -1.2730
  QMMM:     4        4      C        4.2820   -0.3580   -1.2420
  QMMM:     5        5      O        4.7760   -0.7360   -2.5260
  QMMM:     6        6      C        6.2020   -0.7430   -2.5500
  QMMM:     7        7      C        6.6770   -1.1510   -3.9370
  QMMM:     8        8      O        8.1030   -1.1550   -3.9580
  QMMM:     9        9      C        8.5990   -1.5320   -5.2400
  QMMM:    10       10      C       10.1200   -1.5200   -5.2100
  QMMM:    11       11      O       10.6100   -1.8940   -6.4960
  QMMM:    12       12      C       12.0360   -1.8860   -6.5280
  QMMM:    13       13      C       12.5000   -2.2810   -7.9230
  QMMM:    14       14      O       13.9200   -2.2110   -7.9770
  QMMM:    15       15      C       14.4230   -2.6790   -9.2320
  QMMM:    16       16      C       15.9470   -2.6620   -9.1910
  QMMM:    17       17      O       16.3970   -3.6580   -8.2670
  QMMM:    18       18      C       17.8120   -3.6390   -8.1230
  QMMM:    19       19      C       18.2150   -4.6350   -7.0440
  QMMM:    20       20      O       19.6380   -4.6600   -6.9460
  QMMM:    21       21      C       20.0710   -5.5850   -5.9530
  QMMM:    22       22      C       21.5920   -5.5760   -5.9020
  QMMM:    23       23      O       22.0320   -6.5030   -4.9120
  QMMM:    24       24      C       23.4550   -6.5300   -4.8260
  QMMM:    25       25      C       23.8700   -7.5310   -3.7570
  QMMM:    26       26      O       25.2920   -7.5590   -3.6680
  QMMM:    27       27      C       25.7310   -8.4850   -2.6760
  QMMM:    28       28      C       27.2530   -8.4750   -2.6230
  QMMM:    29       29      O       27.7000   -9.4010   -1.6340
  QMMM:    30       30      C       29.1180   -9.4230   -1.5500
  QMMM:    31       31      H        0.5040    0.3120    1.0230
  QMMM:    32       32      H        0.4460   -0.9820   -0.1940
  QMMM:    33       33      H        0.4470    0.7400   -0.7010
  QMMM:    34       34      H        2.4000    0.3310   -2.0400
  QMMM:    35       35      H        2.3990   -1.3680   -1.5380
  QMMM:    36       36      H        4.6430   -1.0560   -0.4780
  QMMM:    37       37      H        4.6440    0.6440   -0.9790
  QMMM:    38       38      H        6.5890   -1.4470   -1.8030
  QMMM:    39       39      H        6.5880    0.2530   -2.3030
  QMMM:    40       40      H        6.2910   -0.4480   -4.6850
  QMMM:    41       41      H        6.2930   -2.1480   -4.1840
  QMMM:    42       42      H        8.2370   -0.8340   -6.0050
  QMMM:    43       43      H        8.2400   -2.5340   -5.5050
  QMMM:    44       44      H       10.4850   -2.2190   -4.4480
  QMMM:    45       45      H       10.4790   -0.5180   -4.9460
  QMMM:    46       46      H       12.4350   -2.5920   -5.7890
  QMMM:    47       47      H       12.4150   -0.8890   -6.2760
  QMMM:    48       48      H       12.0650   -1.6070   -8.6710
  QMMM:    49       49      H       12.1560   -3.2970   -8.1500
  QMMM:    50       50      H       14.0640   -2.0170  -10.0280
  QMMM:    51       51      H       14.0640   -3.6990   -9.4090
  QMMM:    52       52      H       16.3020   -1.6790   -8.8640
  QMMM:    53       53      H       16.3500   -2.8910  -10.1830
  QMMM:    54       54      H       18.1570   -2.6360   -7.8440
  QMMM:    55       55      H       18.2860   -3.9040   -9.0750
  QMMM:    56       56      H       17.8360   -5.6330   -7.2950
  QMMM:    57       57      H       17.7760   -4.3410   -6.0830
  QMMM:    58       58      H       19.7120   -6.5930   -6.1920
  QMMM:    59       59      H       19.6630   -5.3070   -4.9730
  QMMM:    60       60      H       21.9500   -4.5680   -5.6610
  QMMM:    61       61      H       21.9980   -5.8500   -6.8830
  QMMM:    62       62      H       23.8370   -5.5340   -4.5730
  QMMM:    63       63      H       23.8860   -6.8180   -5.7930
  QMMM:    64       64      H       23.4880   -8.5270   -4.0130
  QMMM:    65       65      H       23.4360   -7.2440   -2.7920
  QMMM:    66       66      H       25.3730   -9.4930   -2.9180
  QMMM:    67       67      H       25.3220   -8.2100   -1.6960
  QMMM:    68       68      H       27.6080   -7.4660   -2.3830
  QMMM:    69       69      H       27.6590   -8.7470   -3.6050
  QMMM:    70       70      H       29.4070  -10.1450   -0.7820
  QMMM:    71       71      H       29.5010   -8.4380   -1.2670
  QMMM:    72       72      H       29.5530   -9.7360   -2.5050

--------------------------------------------------------------------------------
  RESULTS
--------------------------------------------------------------------------------

      iter         sqm energy              rms gradient
      ----    -------------------    -----------------------
xmin    10     -469.0381 kcal/mol        0.1936 kcal/(mol*A)
xmin    20     -469.1822 kcal/mol        0.1255 kcal/(mol*A)
xmin    30     -469.2546 kcal/mol        0.0685 kcal/(mol*A)
xmin    40     -469.2729 kcal/mol        0.0595 kcal/(mol*A)
xmin    50     -469.3107 kcal/mol        0.0624 kcal/(mol*A)
xmin    60     -469.3175 kcal/mol        0.0127 kcal/(mol*A)
xmin    70     -469.3209 kcal/mol        0.0199 kcal/(mol*A)
xmin    80     -469.3315 kcal/mol        0.0133 kcal/(mol*A)
xmin    90     -469.3406 kcal/mol        0.0147 kcal/(mol*A)
xmin   100     -469.3473 kcal/mol        0.0289 kcal/(mol*A)
xmin   110     -469.3584 kcal/mol        0.0076 kcal/(mol*A)
xmin   120     -469.3629 kcal/mol        0.0299 kcal/(mol*A)
xmin   130     -469.3671 kcal/mol        0.0381 kcal/(mol*A)
xmin   140     -469.3697 kcal/mol        0.0215 kcal/(mol*A)
xmin   150     -469.3732 kcal/mol        0.0165 kcal/(mol*A)
xmin   160     -469.3743 kcal/mol        0.0105 kcal/(mol*A)
xmin   170     -469.3758 kcal/mol        0.0115 kcal/(mol*A)
xmin   180     -469.3774 kcal/mol        0.0070 kcal/(mol*A)
xmin   190     -469.3789 kcal/mol        0.0136 kcal/(mol*A)
xmin   200     -469.3799 kcal/mol        0.0216 kcal/(mol*A)
xmin   210     -469.3809 kcal/mol        0.0090 kcal/(mol*A)
xmin   220     -469.3821 kcal/mol        0.0088 kcal/(mol*A)
xmin   230     -469.3831 kcal/mol        0.0022 kcal/(mol*A)
xmin   240     -469.3834 kcal/mol        0.0044 kcal/(mol*A)
xmin   250     -469.3847 kcal/mol        0.0254 kcal/(mol*A)
xmin   260     -469.3867 kcal/mol        0.0118 kcal/(mol*A)
xmin   270     -469.3876 kcal/mol        0.0103 kcal/(mol*A)
xmin   280     -469.3886 kcal/mol        0.0065 kcal/(mol*A)
xmin   290     -469.3897 kcal/mol        0.0097 kcal/(mol*A)
xmin   300     -469.3921 kcal/mol        0.0102 kcal/(mol*A)
xmin   310     -469.3929 kcal/mol        0.0111 kcal/(mol*A)
xmin   320     -469.3935 kcal/mol        0.0058 kcal/(mol*A)
xmin   330     -469.3946 kcal/mol        0.0104 kcal/(mol*A)
xmin   340     -469.3951 kcal/mol        0.0058 kcal/(mol*A)
xmin   350     -469.3953 kcal/mol        0.0054 kcal/(mol*A)
xmin   360     -469.3955 kcal/mol        0.0062 kcal/(mol*A)
xmin   370     -469.3959 kcal/mol        0.0134 kcal/(mol*A)
xmin   380     -469.3963 kcal/mol        0.0043 kcal/(mol*A)
xmin   390     -469.3965 kcal/mol        0.0034 kcal/(mol*A)
xmin   400     -469.3968 kcal/mol        0.0072 kcal/(mol*A)
xmin   410     -469.3970 kcal/mol        0.0057 kcal/(mol*A)
xmin   420     -469.3971 kcal/mol        0.0024 kcal/(mol*A)
xmin   430     -469.3973 kcal/mol        0.0041 kcal/(mol*A)
xmin   440     -469.3974 kcal/mol        0.0053 kcal/(mol*A)
xmin   450     -469.3979 kcal/mol        0.0024 kcal/(mol*A)
xmin   460     -469.3981 kcal/mol        0.0011 kcal/(mol*A)
xmin   470     -469.3981 kcal/mol        0.0020 kcal/(mol*A)
xmin   480     -469.3982 kcal/mol        0.0025 kcal/(mol*A)
xmin   490     -469.3984 kcal/mol        0.0103 kcal/(mol*A)
xmin   500     -469.3985 kcal/mol        0.0093 kcal/(mol*A)
xmin   510     -469.3987 kcal/mol        0.0022 kcal/(mol*A)
xmin   520     -469.3987 kcal/mol        0.0018 kcal/(mol*A)
xmin   530     -469.3987 kcal/mol        0.0009 kcal/(mol*A)
  ... geometry converged !
 
 Final MO eigenvalues (eV):
 -39.9523  -39.8433  -39.6928  -39.4603  -39.2216  -38.9007  -38.6114  -38.2728
 -38.0544  -37.8405  -32.8430  -32.4743  -31.9549  -31.2767  -30.5827  -29.7832
 -29.0781  -28.3327  -27.8503  -26.6645  -26.6600  -23.8399  -23.7733  -23.6338
 -23.4894  -23.3227  -23.1816  -23.0876  -23.0811  -23.0613  -18.5227  -18.5097
 -18.1849  -18.1176  -17.8933  -17.8929  -17.6410  -17.5432  -17.3930  -17.3062
 -16.9613  -16.9250  -16.9000  -16.7405  -16.5325  -16.4929  -16.3922  -16.1810
 -16.1015  -15.9377  -15.7438  -15.6924  -15.4879  -15.4670  -15.3968  -14.8759
 -14.4883  -14.3865  -14.3540  -13.9792  -13.8512  -13.7293  -13.6807  -13.5807
 -13.0920  -12.9509  -12.5610  -12.5603  -12.4937  -12.4264  -12.3373  -12.2624
 -12.2451  -12.2221  -12.1754  -12.1494  -12.1351  -12.0908  -12.0865  -12.0308
 -11.9932  -10.8335  -10.8223  -10.7368  -10.7172  -10.6374  -10.6208  -10.5593
 -10.5487  -10.5265  -10.5242    1.8373    1.9197    2.2951    2.4786    2.9341
   3.1094    3.5562    3.6127    3.7582    3.7588    3.7898    3.7909    3.8215
   3.8225    3.8451    3.8462    3.8565    3.8819    3.9078    3.9127    3.9539
   3.9895    4.0003    4.0195    4.0249    4.0568    4.0777    4.0920    4.1022
   4.1123    4.1285    4.1349    4.1497    4.1568    4.1576    4.1614    4.1849
   4.1919    4.2132    4.2350    4.2350    4.2940    4.3467    4.3906    4.4346
   4.4463    4.4565    4.4828    4.4944    4.5313    4.5525    4.5838    4.5974
   4.6085    4.6098    4.6721    4.6747    4.7328    4.7347    4.7642    4.7646
   5.9971    6.0042    6.0426    6.0479    6.0529    6.0569    6.0668    6.0855
   6.1229    6.1229

 Heat of formation   =       -469.39871401 kcal/mol  (      -20.35465565 eV)

 Total SCF energy    =    -146327.58965786 kcal/mol  (    -6345.24043441 eV)
 Electronic energy   =    -970768.13693040 kcal/mol  (   -42095.66527602 eV)
 Core-core repulsion =     824440.54727254 kcal/mol  (    35750.42484162 eV)
 
    Atomic Charges for Step       1 :
  Atom    Element       Mulliken Charge
     1      C                 -0.071
     2      O                 -0.281
     3      C                 -0.026
     4      C                 -0.020
     5      O                 -0.287
     6      C                 -0.020
     7      C                 -0.021
     8      O                 -0.286
     9      C                 -0.020
    10      C                 -0.020
    11      O                 -0.287
    12      C                 -0.020
    13      C                 -0.022
    14      O                 -0.285
    15      C                 -0.022
    16      C                 -0.022
    17      O                 -0.285
    18      C                 -0.022
    19      C                 -0.020
    20      O                 -0.287
    21      C                 -0.020
    22      C                 -0.020
    23      O                 -0.286
    24      C                 -0.021
    25      C                 -0.020
    26      O                 -0.287
    27      C                 -0.020
    28      C                 -0.026
    29      O                 -0.281
    30      C                 -0.071
    31      H                  0.099
    32      H                  0.061
    33      H                  0.061
    34      H                  0.080
    35      H                  0.079
    36      H                  0.082
    37      H                  0.082
    38      H                  0.082
    39      H                  0.081
    40      H                  0.081
    41      H                  0.082
    42      H                  0.081
    43      H                  0.082
    44      H                  0.082
    45      H                  0.081
    46      H                  0.082
    47      H                  0.081
    48      H                  0.079
    49      H                  0.082
    50      H                  0.074
    51      H                  0.095
    52      H                  0.095
    53      H                  0.074
    54      H                  0.082
    55      H                  0.079
    56      H                  0.081
    57      H                  0.082
    58      H                  0.081
    59      H                  0.082
    60      H                  0.082
    61      H                  0.081
    62      H                  0.082
    63      H                  0.081
    64      H                  0.081
    65      H                  0.082
    66      H                  0.082
    67      H                  0.082
    68      H                  0.080
    69      H                  0.080
    70      H                  0.099
    71      H                  0.061
    72      H                  0.061
 Total Mulliken Charge =       0.000
 
                  X        Y        Z     TOTAL  
  QM DIPOLE     0.020    0.203   -0.867    0.891
 
 Final Structure

  QMMM: QM Region Cartesian Coordinates (*=link atom) 
  QMMM: QM_NO.   MM_NO.  ATOM         X         Y         Z
  QMMM:     1        1      C        0.1734    0.4038   -0.7238
  QMMM:     2        2      O        1.5598    0.6841   -0.8141
  QMMM:     3        3      C        2.2068   -0.0989   -1.8152
  QMMM:     4        4      C        3.6743    0.3167   -1.7831
  QMMM:     5        5      O        4.3190   -0.4649   -2.7872
  QMMM:     6        6      C        5.7135   -0.1768   -2.8666
  QMMM:     7        7      C        6.2585   -1.0804   -3.9690
  QMMM:     8        8      O        7.6554   -0.8016   -4.0397
  QMMM:     9        9      C        8.3011   -1.5869   -5.0400
  QMMM:    10       10      C        9.7729   -1.1868   -4.9910
  QMMM:    11       11      O       10.4196   -1.9764   -5.9872
  QMMM:    12       12      C       11.8190   -1.7069   -6.0486
  QMMM:    13       13      C       12.3686   -2.6271   -7.1347
  QMMM:    14       14      O       13.7547   -2.3121   -7.2422
  QMMM:    15       15      C       14.4077   -3.1022   -8.2346
  QMMM:    16       16      C       15.8956   -2.7843   -8.1267
  QMMM:    17       17      O       16.5138   -3.9403   -7.5634
  QMMM:    18       18      C       17.8910   -3.7199   -7.2685
  QMMM:    19       19      C       18.4033   -5.0330   -6.6838
  QMMM:    20       20      O       19.7959   -4.8328   -6.4491
  QMMM:    21       21      C       20.4077   -5.9897   -5.8820
  QMMM:    22       22      C       21.8762   -5.6242   -5.6853
  QMMM:    23       23      O       22.4866   -6.7791   -5.1128
  QMMM:    24       24      C       23.8765   -6.5749   -4.8664
  QMMM:    25       25      C       24.3831   -7.8801   -4.2592
  QMMM:    26       26      O       25.7702   -7.6716   -4.0012
  QMMM:    27       27      C       26.3794   -8.8249   -3.4236
  QMMM:    28       28      C       27.8428   -8.4532   -3.2052
  QMMM:    29       29      O       28.4542   -9.6061   -2.6301
  QMMM:    30       30      C       29.8327   -9.4092   -2.3658
  QMMM:    31       31      H       -0.1944    1.0801    0.0877
  QMMM:    32       32      H        0.0044   -0.6669   -0.4498
  QMMM:    33       33      H       -0.3394    0.6345   -1.6902
  QMMM:    34       34      H        1.7561    0.1117   -2.8200
  QMMM:    35       35      H        2.0976   -1.1900   -1.5814
  QMMM:    36       36      H        4.1259    0.1034   -0.7792
  QMMM:    37       37      H        3.7834    1.4083   -2.0151
  QMMM:    38       38      H        6.2105   -0.4012   -1.8869
  QMMM:    39       39      H        5.8703    0.9032   -3.1239
  QMMM:    40       40      H        5.7690   -0.8495   -4.9509
  QMMM:    41       41      H        6.0928   -2.1601   -3.7160
  QMMM:    42       42      H        7.8618   -1.3649   -6.0474
  QMMM:    43       43      H        8.1781   -2.6781   -4.8133
  QMMM:    44       44      H       10.2103   -1.4042   -3.9818
  QMMM:    45       45      H        9.8967   -0.0968   -5.2227
  QMMM:    46       46      H       12.2989   -1.9285   -5.0599
  QMMM:    47       47      H       11.9925   -0.6313   -6.3134
  QMMM:    48       48      H       11.8535   -2.4386   -8.1127
  QMMM:    49       49      H       12.2377   -3.7029   -6.8473
  QMMM:    50       50      H       14.0177   -2.8168   -9.2470
  QMMM:    51       51      H       14.2182   -4.1930   -8.0502
  QMMM:    52       52      H       16.0663   -1.8918   -7.4679
  QMMM:    53       53      H       16.3309   -2.5929   -9.1427
  QMMM:    54       54      H       17.9990   -2.8861   -6.5267
  QMMM:    55       55      H       18.4488   -3.4582   -8.2053
  QMMM:    56       56      H       18.2522   -5.8762   -7.4073
  QMMM:    57       57      H       17.8795   -5.2705   -5.7214
  QMMM:    58       58      H       20.3048   -6.8614   -6.5796
  QMMM:    59       59      H       19.9256   -6.2398   -4.9011
  QMMM:    60       60      H       21.9785   -4.7494   -4.9915
  QMMM:    61       61      H       22.3600   -5.3789   -6.6665
  QMMM:    62       62      H       24.0207   -5.7223   -4.1527
  QMMM:    63       63      H       24.4094   -6.3498   -5.8268
  QMMM:    64       64      H       24.2478   -8.7312   -4.9765
  QMMM:    65       65      H       23.8431   -8.1099   -3.3039
  QMMM:    66       66      H       26.2909   -9.6980   -4.1214
  QMMM:    67       67      H       25.8835   -9.0760   -2.4498
  QMMM:    68       68      H       27.9311   -7.5809   -2.5062
  QMMM:    69       69      H       28.3379   -8.1996   -4.1787
  QMMM:    70       70      H       30.1723  -10.3796   -1.9250
  QMMM:    71       71      H       29.9793   -8.5739   -1.6373
  QMMM:    72       72      H       30.3884   -9.1912   -3.3113

           --------- Calculation Completed ----------

