-I: Adding /mnt/c/Users/hargu978/Documents/miniconda3/dat/leap/prep to search path.
-I: Adding /mnt/c/Users/hargu978/Documents/miniconda3/dat/leap/lib to search path.
-I: Adding /mnt/c/Users/hargu978/Documents/miniconda3/dat/leap/parm to search path.
-I: Adding /mnt/c/Users/hargu978/Documents/miniconda3/dat/leap/cmd to search path.
-s: Ignoring all leaprc startup files.
-f: Source polymer/PEO_tleap.in.

Welcome to LEaP!
Sourcing: ./polymer/PEO_tleap.in
----- Source: /mnt/c/Users/hargu978/Documents/miniconda3/dat/leap/cmd/leaprc.gaff
----- Source of /mnt/c/Users/hargu978/Documents/miniconda3/dat/leap/cmd/leaprc.gaff done
Log file: ./leap.log
Loading parameters: /mnt/c/Users/hargu978/Documents/miniconda3/dat/leap/parm/gaff.dat
Reading title:
AMBER General Force Field for organic molecules (Version 1.81, May 2017)
Loading Prep file: ./PEO.prepi
Loading Prep file: ./HPT.prepi
Loading Prep file: ./TPT.prepi
Writing pdb file: polymer/PEO_25mer.pdb
Checking Unit.
Building topology.
Building atom parameters.
Building bond parameters.
Building angle parameters.
Building proper torsion parameters.
Building improper torsion parameters.
old PREP-specified impropers:
 total 0 improper torsions applied
 0 improper torsions in old prep form
Building H-Bond parameters.
Incorporating Non-Bonded adjustments.
Not Marking per-residue atom chain types.
Marking per-residue atom chain types.
 (no restraints)
	Quit

Exiting LEaP: Errors = 0; Warnings = 0; Notes = 0.
