-I: Adding /home/harish/miniconda3/envs/harish_env/dat/leap/prep to search path.
-I: Adding /home/harish/miniconda3/envs/harish_env/dat/leap/lib to search path.
-I: Adding /home/harish/miniconda3/envs/harish_env/dat/leap/parm to search path.
-I: Adding /home/harish/miniconda3/envs/harish_env/dat/leap/cmd to search path.
-s: Ignoring all leaprc startup files.
-f: Source PE_tleap.in.

Welcome to LEaP!
Sourcing: ./PE_tleap.in
----- Source: /home/harish/miniconda3/envs/harish_env/dat/leap/cmd/leaprc.gaff
----- Source of /home/harish/miniconda3/envs/harish_env/dat/leap/cmd/leaprc.gaff done
Log file: ./leap.log
Loading parameters: /home/harish/miniconda3/envs/harish_env/dat/leap/parm/gaff.dat
Reading title:
AMBER General Force Field for organic molecules (Version 1.81, May 2017)
Loading Prep file: /home/harish/GroPolBul/monomers/PE_OH/PE.prepi
Loading Prep file: /home/harish/GroPolBul/monomers/PE_OH/HPT.prepi
Loading Prep file: /home/harish/GroPolBul/monomers/PE_OH/TPT.prepi
Writing pdb file: PE_polymer.pdb
Checking Unit.
Building topology.
Building atom parameters.
Building bond parameters.
Building angle parameters.
Building proper torsion parameters.
Building improper torsion parameters.
old PREP-specified impropers:
 total 0 improper torsions applied
 0 improper torsions in old prep form
Building H-Bond parameters.
Incorporating Non-Bonded adjustments.
Not Marking per-residue atom chain types.
Marking per-residue atom chain types.
 (no restraints)
	Quit

Exiting LEaP: Errors = 0; Warnings = 0; Notes = 0.
