-I: Adding /pdc/vol/amber/16.at17/amd64_co7/dat/leap/prep to search path.
-I: Adding /pdc/vol/amber/16.at17/amd64_co7/dat/leap/lib to search path.
-I: Adding /pdc/vol/amber/16.at17/amd64_co7/dat/leap/parm to search path.
-I: Adding /pdc/vol/amber/16.at17/amd64_co7/dat/leap/cmd to search path.
-s: Ignoring startup file: leaprc
-f: Source tleap.in.

Welcome to LEaP!
Sourcing: ./tleap.in
----- Source: /pdc/vol/amber/16.at17/amd64_co7/dat/leap/cmd/leaprc.gaff
----- Source of /pdc/vol/amber/16.at17/amd64_co7/dat/leap/cmd/leaprc.gaff done
Log file: ./leap.log
Loading parameters: /pdc/vol/amber/16.at17/amd64_co7/dat/leap/parm/gaff.dat
Reading title:
AMBER General Force Field for organic molecules (Version 1.8, Mar 2015)
Loading Prep file: /cfs/klemming/nobackup/h/hargu978/GroPolBul/monomers/PCL_LOH/PCL.prepi
Loading Prep file: /cfs/klemming/nobackup/h/hargu978/GroPolBul/monomers/PCL_ROH/PCL.prepi
Loading Prep file: /cfs/klemming/nobackup/h/hargu978/GroPolBul/monomers/PTM_OH/PTM.prepi
Loading Prep file: /cfs/klemming/nobackup/h/hargu978/GroPolBul/monomers/PTM_OH/HPT.prepi
Loading Prep file: /cfs/klemming/nobackup/h/hargu978/GroPolBul/monomers/PTM_OH/TPT.prepi
Writing pdb file: /cfs/klemming/nobackup/h/hargu978/GroPolBul/polymers/PCL16_PTM4_OH/polymer.pdb
 Truncating residue name for PDB format: PCLL -> PCL
 Truncating residue name for PDB format: PCLL -> PCL
 Truncating residue name for PDB format: PCLL -> PCL
 Truncating residue name for PDB format: PCLL -> PCL
 Truncating residue name for PDB format: PCLR -> PCL
 Truncating residue name for PDB format: PCLR -> PCL
 Truncating residue name for PDB format: PCLR -> PCL
 Truncating residue name for PDB format: PCLR -> PCL
Checking Unit.
Building topology.
Building atom parameters.
Building bond parameters.
Building angle parameters.
Building proper torsion parameters.
Building improper torsion parameters.
old PREP-specified impropers:
 <HPT 1>:  O5   O1   C3   O2  
 <HPT 1>:  O6   O3   C7   O4  
 <PCLL 2>:  C4   O3   C5   O1  
 <PCLL 2>:  C10  O4   C11  O2  
 <PCLL 3>:  C4   O3   C5   O1  
 <PCLL 3>:  C10  O4   C11  O2  
 <PCLL 4>:  C4   O3   C5   O1  
 <PCLL 4>:  C10  O4   C11  O2  
 <PCLL 5>:  C4   O3   C5   O1  
 <PCLL 5>:  C10  O4   C11  O2  
 <PCLR 6>:  C4   O1   C3   O   
 <PCLR 6>:  C10  O3   C9   O2  
 <PCLR 7>:  C4   O1   C3   O   
 <PCLR 7>:  C10  O3   C9   O2  
 <PCLR 8>:  C4   O1   C3   O   
 <PCLR 8>:  C10  O3   C9   O2  
 <PCLR 9>:  C4   O1   C3   O   
 <PCLR 9>:  C10  O3   C9   O2  
 <TPT 10>:  O5   O1   C3   O2  
 <TPT 10>:  O6   O3   C7   O4  
 total 20 improper torsions applied
 20 improper torsions in old prep form
Building H-Bond parameters.
Incorporating Non-Bonded adjustments.
Not Marking per-residue atom chain types.
Marking per-residue atom chain types.
 (no restraints)
	Quit
