==========================================================================
| ACPYPE: AnteChamber PYthon Parser interfacE v. 2022.6.6 (c) 2023 AWSdS |
==========================================================================
DEBUG: CLI: -i li.mol2 -n +1
DEBUG: Python Version 3.7.11 (default, Jul 27 2021, 14:32:16) 
[GCC 7.5.0]
DEBUG: Max execution time tolerance is 3h
DEBUG: /home/harish/miniconda3/envs/harish_env/bin/antechamber -dr no -i li.mol2 -fi mol2 -o tmp -fo ac -pf y
DEBUG: 
Welcome to antechamber 22.0: molecular input file processor.

Info: The atom type is set to gaff; the options available to the -at flag are
 gaff, gaff2, amber, bcc, and sybyl.


DEBUG: setResNameCheckCoords done
DEBUG: Net charge drift '0.000000'
==> ... charge set to 1
==> Executing Antechamber...
DEBUG: /home/harish/miniconda3/envs/harish_env/bin/antechamber -dr no -i li.mol2 -fi mol2 -o li_bcc_gaff2.mol2 -fo mol2 -c bcc -nc 1 -m 1 -s 2 -df 2 -at gaff2 -pf n 
DEBUG: No file left to be removed
ERROR: ++++++++++start_quote+++++++++++++++++++++++++++++++++++++++++++++++++++++++++++
ERROR: 
Welcome to antechamber 22.0: molecular input file processor.

Info: The atom type is set to gaff2; the options available to the -at flag are
 gaff, gaff2, amber, bcc, and sybyl.

Info: Finished reading file (li.mol2); atoms read (1), bonds read (0).
Info: Determining atomic numbers from atomic symbols which are case sensitive.

Running: /home/harish/miniconda3/envs/harish_env/bin/atomtype -i ANTECHAMBER_AC.AC0 -o ANTECHAMBER_AC.AC -p gaff2
Info: Total number of electrons: 2; net charge: 1

Running: /home/harish/miniconda3/envs/harish_env/bin/sqm -O -i sqm.in -o sqm.out

ERROR in xmin(): Too few atoms.
/home/harish/miniconda3/envs/harish_env/bin/wrapped_progs/antechamber: Fatal Error!
Cannot properly run "/home/harish/miniconda3/envs/harish_env/bin/sqm -O -i sqm.in -o sqm.out".

ERROR: ++++++++++end_quote+++++++++++++++++++++++++++++++++++++++++++++++++++++++++++++
ERROR: Antechamber failed
DEBUG: /home/harish/miniconda3/envs/harish_env/bin/parmchk2 -i li_bcc_gaff2.mol2 -f mol2 -o li_AC.frcmod -s 2
ERROR: ++++++++++start_quote+++++++++++++++++++++++++++++++++++++++++++++++++++++++++++
ERROR: Cannot open file (li_bcc_gaff2.mol2) with mode (r).
No such file or directory
ERROR: ++++++++++end_quote+++++++++++++++++++++++++++++++++++++++++++++++++++++++++++++
ERROR: Parmchk failed
ERROR: Tleap failed
==> Removing temporary files...
ERROR: ACPYPE FAILED: [Errno 2] No such file or directory: 'li_AC.prmtop'
Traceback (most recent call last):
  File "/home/harish/miniconda3/envs/harish_env/lib/python3.7/site-packages/acpype/cli.py", line 140, in init_main
    molecule.createMolTopol()
  File "/home/harish/miniconda3/envs/harish_env/lib/python3.7/site-packages/acpype/topol.py", line 1116, in createMolTopol
    self.topFileData = open(self.acTopFileName).readlines()
FileNotFoundError: [Errno 2] No such file or directory: 'li_AC.prmtop'
Total time of execution: 1s
DEBUG: No tmp folder left to be removed
