            --------------------------------------------------------
                             AMBER SQM VERSION 19
 
                                     By
              Ross C. Walker, Michael F. Crowley, Scott Brozell,
                         Tim Giese, Andreas W. Goetz,
                        Tai-Sung Lee and David A. Case
 
            --------------------------------------------------------
 

--------------------------------------------------------------------------------
  QM CALCULATION INFO
--------------------------------------------------------------------------------

| QMMM: Citation for AMBER QMMM Run:
| QMMM: R.C. Walker, M.F. Crowley and D.A. Case, J. COMP. CHEM. 29:1019, 2008

QMMM: SINGLET STATE CALCULATION
QMMM: RHF CALCULATION, NO. OF DOUBLY OCCUPIED LEVELS = 52

| QMMM: *** Selected Hamiltonian *** 
| QMMM: AM1         

| QMMM: *** Parameter sets in use ***
| QMMM: C : M.J.S.DEWAR et al. JACS, 107, 3902, (1985)
| QMMM: O : M.J.S.DEWAR et al. JACS, 107, 3902, (1985)
| QMMM: H : M.J.S.DEWAR et al. JACS, 107, 3902, (1985)

| QMMM: *** SCF convergence criteria ***
| QMMM: Energy change                :  0.1D-09 kcal/mol
| QMMM: Error matrix |FP-PF|         :  0.1D+00 au
| QMMM: Density matrix change        :  0.5D-06
| QMMM: Maximum number of SCF cycles :     1000

| QMMM: *** Diagonalization Routine Information ***
| QMMM: Pseudo diagonalizations are allowed.
| QMMM: Auto diagonalization routine selection is in use.
| QMMM:
| QMMM: Timing diagonalization routines:
| QMMM:                              norbs =       94
| QMMM:    diag iterations used for timing =       15
| QMMM:
| QMMM:              Internal diag routine = 0.059423 seconds
| QMMM:                 Dspev diag routine = 0.049831 seconds
| QMMM:                Dspevd diag routine = 0.022538 seconds
| QMMM:                Dspevx diag routine = 0.101763 seconds
| QMMM:                 Dsyev diag routine = 0.036872 seconds
| QMMM:                Dsyevd diag routine = 0.027173 seconds
| QMMM:                Dsyevr diag routine = 0.027443 seconds
| QMMM:
| QMMM:                Pseudo diag routine = 0.011982 seconds
| QMMM:
| QMMM: Using dspevd routine (diag_routine=3).

  QMMM: QM Region Cartesian Coordinates (*=link atom) 
  QMMM: QM_NO.   MM_NO.  ATOM         X         Y         Z
  QMMM:     1        1      C       -1.4340    1.9580   -0.0000
  QMMM:     2        2      C        3.9680   -7.1380   -0.0000
  QMMM:     3        3      C       -0.1150    1.1970   -0.0000
  QMMM:     4        4      C        3.7610   -8.6470   -0.0000
  QMMM:     5        5      C       -2.4240    3.9800   -0.0000
  QMMM:     6        6      O        2.7220   -6.4950   -0.0000
  QMMM:     7        7      C       -2.2180    5.4890   -0.0000
  QMMM:     8        8      C       -3.2080    7.5100   -0.0000
  QMMM:     9        9      C       -4.5270    8.2720   -0.0000
  QMMM:    10       10      O       -1.1790    3.3370   -0.0000
  QMMM:    11       11      O       -3.4640    6.1320   -0.0000
  QMMM:    12       12      C        0.8750   -0.8250   -0.0000
  QMMM:    13       13      C        0.6690   -2.3340   -0.0000
  QMMM:    14       14      O       -0.3710   -0.1820   -0.0000
  QMMM:    15       15      C        1.6590   -4.3550   -0.0000
  QMMM:    16       16      O        1.9140   -2.9770   -0.0000
  QMMM:    17       17      C        2.9780   -5.1170   -0.0000
  QMMM:    18       18      H       -2.0170    1.6900   -0.9090
  QMMM:    19       19      H       -2.0180    1.6890    0.9090
  QMMM:    20       20      H        4.5380   -6.8420    0.9090
  QMMM:    21       21      H        4.5380   -6.8420   -0.9090
  QMMM:    22       22      H        0.4680    1.4660    0.9090
  QMMM:    23       23      H        0.4680    1.4660   -0.9090
  QMMM:    24       24      H        4.7500   -9.1570   -0.0000
  QMMM:    25       25      H        3.1920   -8.9430   -0.9090
  QMMM:    26       26      H        3.1910   -8.9430    0.9090
  QMMM:    27       27      H       -2.9940    3.6840    0.9090
  QMMM:    28       28      H       -2.9950    3.6840   -0.9090
  QMMM:    29       29      H       -1.6480    5.7850   -0.9090
  QMMM:    30       30      H       -1.6480    5.7850    0.9090
  QMMM:    31       31      H       -2.6250    7.7790   -0.9090
  QMMM:    32       32      H       -2.6250    7.7790    0.9090
  QMMM:    33       33      H       -4.3240    9.3660   -0.0000
  QMMM:    34       34      H       -5.1100    8.0030    0.9090
  QMMM:    35       35      H       -5.1110    8.0030   -0.9090
  QMMM:    36       36      H        1.4450   -0.5290    0.9090
  QMMM:    37       37      H        1.4450   -0.5280   -0.9090
  QMMM:    38       38      H        0.0990   -2.6290   -0.9090
  QMMM:    39       39      H        0.0980   -2.6300    0.9090
  QMMM:    40       40      H        1.0760   -4.6240    0.9090
  QMMM:    41       41      H        1.0750   -4.6240   -0.9090
  QMMM:    42       42      H        3.5610   -4.8480    0.9090
  QMMM:    43       43      H        3.5610   -4.8480   -0.9090

--------------------------------------------------------------------------------
  RESULTS
--------------------------------------------------------------------------------

      iter         sqm energy              rms gradient
      ----    -------------------    -----------------------
xmin    10     -249.5405 kcal/mol        0.0280 kcal/(mol*A)
xmin    20     -249.5412 kcal/mol        0.0164 kcal/(mol*A)
xmin    30     -249.5414 kcal/mol        0.0034 kcal/(mol*A)
xmin    40     -249.5415 kcal/mol        0.0048 kcal/(mol*A)
xmin    50     -249.5415 kcal/mol        0.0037 kcal/(mol*A)
  ... geometry converged !
 
 Final MO eigenvalues (eV):
 -39.8437  -39.5242  -39.0704  -38.5203  -38.0256  -33.0071  -32.6746  -31.6792
 -30.3807  -29.0447  -27.9651  -23.7929  -23.6308  -23.4473  -23.2586  -23.0882
 -23.0504  -18.4611  -18.0552  -17.8996  -17.5836  -17.3583  -17.1275  -16.6581
 -16.5395  -16.4845  -15.9093  -15.8704  -15.6949  -15.0137  -14.8097  -14.2851
 -14.2268  -13.8527  -13.5745  -13.2563  -13.1776  -12.9237  -12.5199  -12.4849
 -12.3915  -12.1966  -12.1692  -12.0195  -12.0162  -11.9945  -11.8492  -10.7807
 -10.6540  -10.5643  -10.4904  -10.4820    1.9106    2.4094    3.0085    3.5813
   3.7769    3.8111    3.8377    3.8547    3.9068    3.9100    3.9123    3.9346
   4.0294    4.0533    4.0974    4.1233    4.1418    4.1615    4.1742    4.2062
   4.2233    4.2730    4.2901    4.3811    4.4729    4.5473    4.5844    4.6229
   4.6858    4.6915    4.7114    4.7426    4.7736    4.8510    4.8519    4.9989
   4.9991    6.0269    6.0721    6.0805    6.1654    6.1671

 Heat of formation   =       -249.54149547 kcal/mol  (      -10.82093125 eV)

 Total SCF energy    =     -80667.25803350 kcal/mol  (    -3497.99479786 eV)
 Electronic energy   =    -452946.15906713 kcal/mol  (   -19641.21933425 eV)
 Core-core repulsion =     372278.90103363 kcal/mol  (    16143.22453639 eV)
 
    Atomic Charges for Step       1 :
  Atom    Element       Mulliken Charge
     1      C                 -0.020
     2      C                 -0.018
     3      C                 -0.021
     4      C                 -0.215
     5      C                 -0.020
     6      O                 -0.285
     7      C                 -0.023
     8      C                 -0.018
     9      C                 -0.215
    10      O                 -0.287
    11      O                 -0.285
    12      C                 -0.021
    13      C                 -0.020
    14      O                 -0.286
    15      C                 -0.020
    16      O                 -0.287
    17      C                 -0.023
    18      H                  0.082
    19      H                  0.082
    20      H                  0.065
    21      H                  0.065
    22      H                  0.081
    23      H                  0.081
    24      H                  0.080
    25      H                  0.087
    26      H                  0.087
    27      H                  0.082
    28      H                  0.082
    29      H                  0.079
    30      H                  0.079
    31      H                  0.065
    32      H                  0.065
    33      H                  0.080
    34      H                  0.087
    35      H                  0.087
    36      H                  0.081
    37      H                  0.081
    38      H                  0.082
    39      H                  0.082
    40      H                  0.082
    41      H                  0.082
    42      H                  0.079
    43      H                  0.079
 Total Mulliken Charge =      -0.000
 
                  X        Y        Z     TOTAL  
  QM DIPOLE     1.114    0.546    0.000    1.241
 
 Final Structure

  QMMM: QM Region Cartesian Coordinates (*=link atom) 
  QMMM: QM_NO.   MM_NO.  ATOM         X         Y         Z
  QMMM:     1        1      C       -1.4759    1.8894   -0.0006
  QMMM:     2        2      C        4.0630   -7.1832   -0.0004
  QMMM:     3        3      C       -0.0784    1.2762   -0.0003
  QMMM:     4        4      C        3.7180   -8.6541   -0.0007
  QMMM:     5        5      C       -2.5147    4.0099   -0.0008
  QMMM:     6        6      O        2.8263   -6.4697    0.0002
  QMMM:     7        7      C       -2.1435    5.4899   -0.0002
  QMMM:     8        8      C       -3.1854    7.6131    0.0003
  QMMM:     9        9      C       -4.5590    8.2420    0.0001
  QMMM:    10       10      O       -1.2765    3.3015   -0.0003
  QMMM:    11       11      O       -3.3796    6.1986   -0.0003
  QMMM:    12       12      C        0.9603   -0.8443    0.0004
  QMMM:    13       13      C        0.5883   -2.3242    0.0010
  QMMM:    14       14      O       -0.2777   -0.1360    0.0001
  QMMM:    15       15      C        1.6270   -4.4448    0.0009
  QMMM:    16       16      O        1.8262   -3.0322    0.0007
  QMMM:    17       17      C        3.0240   -5.0586    0.0003
  QMMM:    18       18      H       -2.0454    1.5802   -0.9156
  QMMM:    19       19      H       -2.0459    1.5799    0.9139
  QMMM:    20       20      H        4.6547   -6.9058    0.9129
  QMMM:    21       21      H        4.6540   -6.9054   -0.9140
  QMMM:    22       22      H        0.4912    1.5857    0.9145
  QMMM:    23       23      H        0.4915    1.5852   -0.9151
  QMMM:    24       24      H        4.6589   -9.2536   -0.0011
  QMMM:    25       25      H        3.1175   -8.9130   -0.9051
  QMMM:    26       26      H        3.1181   -8.9134    0.9040
  QMMM:    27       27      H       -3.1086    3.7488    0.9137
  QMMM:    28       28      H       -3.1077    3.7492   -0.9159
  QMMM:    29       29      H       -1.5484    5.7498   -0.9144
  QMMM:    30       30      H       -1.5488    5.7492    0.9144
  QMMM:    31       31      H       -2.6033    7.9106   -0.9129
  QMMM:    32       32      H       -2.6039    7.9099    0.9141
  QMMM:    33       33      H       -4.4561    9.3529    0.0006
  QMMM:    34       34      H       -5.1320    7.9261    0.9043
  QMMM:    35       35      H       -5.1313    7.9270   -0.9048
  QMMM:    36       36      H        1.5538   -0.5832    0.9152
  QMMM:    37       37      H        1.5540   -0.5839   -0.9144
  QMMM:    38       38      H       -0.0058   -2.5851   -0.9135
  QMMM:    39       39      H       -0.0050   -2.5846    0.9161
  QMMM:    40       40      H        1.0576   -4.7537    0.9160
  QMMM:    41       41      H        1.0567   -4.7539   -0.9135
  QMMM:    42       42      H        3.5941   -4.7478    0.9145
  QMMM:    43       43      H        3.5934   -4.7475   -0.9142

           --------- Calculation Completed ----------

